     :-) GROMACS - gmx mdrun, 2021.4-Ubuntu-2021.4-2 (double precision) (-:

                            GROMACS is written by:
     Andrey Alekseenko              Emile Apol              Rossen Apostolov     
         Paul Bauer           Herman J.C. Berendsen           Par Bjelkmar       
       Christian Blau           Viacheslav Bolnykh             Kevin Boyd        
     Aldert van Buuren           Rudi van Drunen             Anton Feenstra      
    Gilles Gouaillardet             Alan Gray               Gerrit Groenhof      
       Anca Hamuraru            Vincent Hindriksen          M. Eric Irrgang      
      Aleksei Iupinov           Christoph Junghans             Joe Jordan        
    Dimitrios Karkoulis            Peter Kasson                Jiri Kraus        
      Carsten Kutzner              Per Larsson              Justin A. Lemkul     
       Viveca Lindahl            Magnus Lundborg             Erik Marklund       
        Pascal Merz             Pieter Meulenhoff            Teemu Murtola       
        Szilard Pall               Sander Pronk              Roland Schulz       
       Michael Shirts            Alexey Shvetsov             Alfons Sijbers      
       Peter Tieleman              Jon Vincent              Teemu Virolainen     
     Christian Wennberg            Maarten Wolf              Artem Zhmurov       
                           and the project leaders:
        Mark Abraham, Berk Hess, Erik Lindahl, and David van der Spoel

Copyright (c) 1991-2000, University of Groningen, The Netherlands.
Copyright (c) 2001-2019, The GROMACS development team at
Uppsala University, Stockholm University and
the Royal Institute of Technology, Sweden.
check out http://www.gromacs.org for more information.

GROMACS is free software; you can redistribute it and/or modify it
under the terms of the GNU Lesser General Public License
as published by the Free Software Foundation; either version 2.1
of the License, or (at your option) any later version.

GROMACS:      gmx mdrun, version 2021.4-Ubuntu-2021.4-2 (double precision)
Executable:   /usr/bin/gmx_d
Data prefix:  /usr
Working dir:  /home/arkaps/work/GROMACS/gromacs_files_and_ppt/methanol-water_mixture/nvt
Process ID:   956957
Command line:
  gmx_d mdrun -ntomp 8 -v -deffnm nvt

GROMACS version:    2021.4-Ubuntu-2021.4-2
Precision:          double
Memory model:       64 bit
MPI library:        thread_mpi
OpenMP support:     enabled (GMX_OPENMP_MAX_THREADS = 64)
GPU support:        disabled
SIMD instructions:  SSE4.1
FFT library:        fftw-3.3.8-sse2-avx
RDTSCP usage:       enabled
TNG support:        enabled
Hwloc support:      hwloc-2.5.0
Tracing support:    disabled
C compiler:         /usr/bin/cc GNU 11.2.0
C compiler flags:   -msse4.1 -Wno-missing-field-initializers -fexcess-precision=fast -funroll-all-loops -O3 -DNDEBUG
C++ compiler:       /usr/bin/c++ GNU 11.2.0
C++ compiler flags: -msse4.1 -Wno-missing-field-initializers -fexcess-precision=fast -funroll-all-loops -fopenmp -O3 -DNDEBUG


Running on 1 node with total 24 cores, 32 logical cores
Hardware detected:
  CPU info:
    Vendor: Intel
    Brand:  13th Gen Intel(R) Core(TM) i9-13900
    Family: 6   Model: 183   Stepping: 1
    Features: aes apic avx avx2 clfsh cmov cx8 cx16 f16c fma htt intel lahf mmx msr nonstop_tsc pcid pclmuldq pdcm pdpe1gb popcnt pse rdrnd rdtscp sha sse2 sse3 sse4.1 sse4.2 ssse3 tdt x2apic
  Hardware topology: Full, with devices
    Sockets, cores, and logical processors:
      Socket  0: [   0   1] [   2   3] [   4   5] [   6   7] [   8   9] [  10  11] [  12  13] [  14  15] [  16] [  17] [  18] [  19] [  20] [  21] [  22] [  23] [  24] [  25] [  26] [  27] [  28] [  29] [  30] [  31]
    Numa nodes:
      Node  0 (33322926080 bytes mem):   0   1   2   3   4   5   6   7   8   9  10  11  12  13  14  15  16  17  18  19  20  21  22  23  24  25  26  27  28  29  30  31
      Latency:
               0
         0  1.00
    Caches:
      L1: 49152 bytes, linesize 64 bytes, assoc. 12, shared 2 ways
      L2: 2097152 bytes, linesize 64 bytes, assoc. 16, shared 2 ways
      L3: 37748736 bytes, linesize 64 bytes, assoc. 12, shared 32 ways
    PCI devices:
      0000:00:02.0  Id: 8086:a780  Class: 0x0300  Numa: 0
      0000:00:0e.0  Id: 8086:a77f  Class: 0x0104  Numa: 0
      0000:00:1f.6  Id: 8086:1a1c  Class: 0x0200  Numa: 0

Highest SIMD level supported by all nodes in run: AVX2_256
SIMD instructions selected at compile time:       SSE4.1
This program was compiled for different hardware than you are running on,
which could influence performance.

++++ PLEASE READ AND CITE THE FOLLOWING REFERENCE ++++
M. J. Abraham, T. Murtola, R. Schulz, S. Páll, J. C. Smith, B. Hess, E.
Lindahl
GROMACS: High performance molecular simulations through multi-level
parallelism from laptops to supercomputers
SoftwareX 1 (2015) pp. 19-25
-------- -------- --- Thank You --- -------- --------


++++ PLEASE READ AND CITE THE FOLLOWING REFERENCE ++++
S. Páll, M. J. Abraham, C. Kutzner, B. Hess, E. Lindahl
Tackling Exascale Software Challenges in Molecular Dynamics Simulations with
GROMACS
In S. Markidis & E. Laure (Eds.), Solving Software Challenges for Exascale 8759 (2015) pp. 3-27
-------- -------- --- Thank You --- -------- --------


++++ PLEASE READ AND CITE THE FOLLOWING REFERENCE ++++
S. Pronk, S. Páll, R. Schulz, P. Larsson, P. Bjelkmar, R. Apostolov, M. R.
Shirts, J. C. Smith, P. M. Kasson, D. van der Spoel, B. Hess, and E. Lindahl
GROMACS 4.5: a high-throughput and highly parallel open source molecular
simulation toolkit
Bioinformatics 29 (2013) pp. 845-54
-------- -------- --- Thank You --- -------- --------


++++ PLEASE READ AND CITE THE FOLLOWING REFERENCE ++++
B. Hess and C. Kutzner and D. van der Spoel and E. Lindahl
GROMACS 4: Algorithms for highly efficient, load-balanced, and scalable
molecular simulation
J. Chem. Theory Comput. 4 (2008) pp. 435-447
-------- -------- --- Thank You --- -------- --------


++++ PLEASE READ AND CITE THE FOLLOWING REFERENCE ++++
D. van der Spoel, E. Lindahl, B. Hess, G. Groenhof, A. E. Mark and H. J. C.
Berendsen
GROMACS: Fast, Flexible and Free
J. Comp. Chem. 26 (2005) pp. 1701-1719
-------- -------- --- Thank You --- -------- --------


++++ PLEASE READ AND CITE THE FOLLOWING REFERENCE ++++
E. Lindahl and B. Hess and D. van der Spoel
GROMACS 3.0: A package for molecular simulation and trajectory analysis
J. Mol. Mod. 7 (2001) pp. 306-317
-------- -------- --- Thank You --- -------- --------


++++ PLEASE READ AND CITE THE FOLLOWING REFERENCE ++++
H. J. C. Berendsen, D. van der Spoel and R. van Drunen
GROMACS: A message-passing parallel molecular dynamics implementation
Comp. Phys. Comm. 91 (1995) pp. 43-56
-------- -------- --- Thank You --- -------- --------

Input Parameters:
   integrator                     = md
   tinit                          = 0
   dt                             = 0.002
   nsteps                         = 20000
   init-step                      = 0
   simulation-part                = 1
   mts                            = false
   comm-mode                      = Linear
   nstcomm                        = 100
   bd-fric                        = 0
   ld-seed                        = -46138597
   emtol                          = 10
   emstep                         = 0.01
   niter                          = 20
   fcstep                         = 0
   nstcgsteep                     = 1000
   nbfgscorr                      = 10
   rtpi                           = 0.05
   nstxout                        = 0
   nstvout                        = 0
   nstfout                        = 0
   nstlog                         = 1000
   nstcalcenergy                  = 100
   nstenergy                      = 1000
   nstxout-compressed             = 1000
   compressed-x-precision         = 1000
   cutoff-scheme                  = Verlet
   nstlist                        = 10
   pbc                            = xyz
   periodic-molecules             = false
   verlet-buffer-tolerance        = 0.005
   rlist                          = 1
   coulombtype                    = PME
   coulomb-modifier               = Potential-shift
   rcoulomb-switch                = 0
   rcoulomb                       = 1
   epsilon-r                      = 1
   epsilon-rf                     = inf
   vdw-type                       = Cut-off
   vdw-modifier                   = Potential-shift
   rvdw-switch                    = 0
   rvdw                           = 1
   DispCorr                       = No
   table-extension                = 1
   fourierspacing                 = 0.1
   fourier-nx                     = 32
   fourier-ny                     = 32
   fourier-nz                     = 32
   pme-order                      = 4
   ewald-rtol                     = 1e-05
   ewald-rtol-lj                  = 0.001
   lj-pme-comb-rule               = Geometric
   ewald-geometry                 = 0
   epsilon-surface                = 0
   tcoupl                         = V-rescale
   nsttcouple                     = 10
   nh-chain-length                = 0
   print-nose-hoover-chain-variables = false
   pcoupl                         = No
   pcoupltype                     = Isotropic
   nstpcouple                     = -1
   tau-p                          = 1
   compressibility (3x3):
      compressibility[    0]={ 0.00000e+00,  0.00000e+00,  0.00000e+00}
      compressibility[    1]={ 0.00000e+00,  0.00000e+00,  0.00000e+00}
      compressibility[    2]={ 0.00000e+00,  0.00000e+00,  0.00000e+00}
   ref-p (3x3):
      ref-p[    0]={ 0.00000e+00,  0.00000e+00,  0.00000e+00}
      ref-p[    1]={ 0.00000e+00,  0.00000e+00,  0.00000e+00}
      ref-p[    2]={ 0.00000e+00,  0.00000e+00,  0.00000e+00}
   refcoord-scaling               = No
   posres-com (3):
      posres-com[0]= 0.00000e+00
      posres-com[1]= 0.00000e+00
      posres-com[2]= 0.00000e+00
   posres-comB (3):
      posres-comB[0]= 0.00000e+00
      posres-comB[1]= 0.00000e+00
      posres-comB[2]= 0.00000e+00
   QMMM                           = false
qm-opts:
   ngQM                           = 0
   constraint-algorithm           = Lincs
   continuation                   = false
   Shake-SOR                      = false
   shake-tol                      = 0.0001
   lincs-order                    = 4
   lincs-iter                     = 1
   lincs-warnangle                = 30
   nwall                          = 0
   wall-type                      = 9-3
   wall-r-linpot                  = -1
   wall-atomtype[0]               = -1
   wall-atomtype[1]               = -1
   wall-density[0]                = 0
   wall-density[1]                = 0
   wall-ewald-zfac                = 3
   pull                           = false
   awh                            = false
   rotation                       = false
   interactiveMD                  = false
   disre                          = No
   disre-weighting                = Conservative
   disre-mixed                    = false
   dr-fc                          = 1000
   dr-tau                         = 0
   nstdisreout                    = 100
   orire-fc                       = 0
   orire-tau                      = 0
   nstorireout                    = 100
   free-energy                    = no
   cos-acceleration               = 0
   deform (3x3):
      deform[    0]={ 0.00000e+00,  0.00000e+00,  0.00000e+00}
      deform[    1]={ 0.00000e+00,  0.00000e+00,  0.00000e+00}
      deform[    2]={ 0.00000e+00,  0.00000e+00,  0.00000e+00}
   simulated-tempering            = false
   swapcoords                     = no
   userint1                       = 0
   userint2                       = 0
   userint3                       = 0
   userint4                       = 0
   userreal1                      = 0
   userreal2                      = 0
   userreal3                      = 0
   userreal4                      = 0
   applied-forces:
     electric-field:
       x:
         E0                       = 0
         omega                    = 0
         t0                       = 0
         sigma                    = 0
       y:
         E0                       = 0
         omega                    = 0
         t0                       = 0
         sigma                    = 0
       z:
         E0                       = 0
         omega                    = 0
         t0                       = 0
         sigma                    = 0
     density-guided-simulation:
       active                     = false
       group                      = protein
       similarity-measure         = inner-product
       atom-spreading-weight      = unity
       force-constant             = 1e+09
       gaussian-transform-spreading-width = 0.2
       gaussian-transform-spreading-range-in-multiples-of-width = 4
       reference-density-filename = reference.mrc
       nst                        = 1
       normalize-densities        = true
       adaptive-force-scaling     = false
       adaptive-force-scaling-time-constant = 4
       shift-vector               = 
       transformation-matrix      = 
grpopts:
   nrdf:        5197
   ref-t:         360
   tau-t:         0.5
annealing:          No
annealing-npoints:           0
   acc:	           0           0           0
   nfreeze:           N           N           N
   energygrp-flags[  0]: 0

Changing nstlist from 10 to 40, rlist from 1 to 1.096


Initializing Domain Decomposition on 4 ranks
Dynamic load balancing: auto
Using update groups, nr 800, average size 3.0 atoms, max. radius 0.104 nm
Minimum cell size due to atom displacement: 0.372 nm
Initial maximum distances in bonded interactions:
    two-body bonded interactions: 0.287 nm, LJ-14, atoms 1670 1674
  multi-body bonded interactions: 0.287 nm, Ryckaert-Bell., atoms 1670 1674
Minimum cell size due to bonded interactions: 0.316 nm
Scaling the initial minimum size with 1/0.8 (option -dds) = 1.25
Using 0 separate PME ranks, as there are too few total
 ranks for efficient splitting
Optimizing the DD grid for 4 cells with a minimum initial size of 0.465 nm
The maximum allowed number of cells is: X 6 Y 6 Z 6
Domain decomposition grid 4 x 1 x 1, separate PME ranks 0
PME domain decomposition: 4 x 1 x 1
Domain decomposition rank 0, coordinates 0 0 0

The initial number of communication pulses is: X 2
The initial domain decomposition cell size is: X 0.78 nm

The maximum allowed distance for atom groups involved in interactions is:
                 non-bonded interactions           1.303 nm
            two-body bonded interactions  (-rdd)   1.303 nm
          multi-body bonded interactions  (-rdd)   0.775 nm

When dynamic load balancing gets turned on, these settings will change to:
The maximum number of communication pulses is: X 3
The minimum size for domain decomposition cells is 0.546 nm
The requested allowed shrink of DD cells (option -dds) is: 0.80
The allowed shrink of domain decomposition cells is: X 0.70
The maximum allowed distance for atom groups involved in interactions is:
                 non-bonded interactions           1.303 nm
            two-body bonded interactions  (-rdd)   1.303 nm
          multi-body bonded interactions  (-rdd)   0.546 nm

Using 4 MPI threads
Using 8 OpenMP threads per tMPI thread

Pinning threads with an auto-selected logical core stride of 1
System total charge: -0.000
Will do PME sum in reciprocal space for electrostatic interactions.

++++ PLEASE READ AND CITE THE FOLLOWING REFERENCE ++++
U. Essmann, L. Perera, M. L. Berkowitz, T. Darden, H. Lee and L. G. Pedersen 
A smooth particle mesh Ewald method
J. Chem. Phys. 103 (1995) pp. 8577-8592
-------- -------- --- Thank You --- -------- --------

Using a Gaussian width (1/beta) of 0.320163 nm for Ewald
Potential shift: LJ r^-12: -1.000e+00 r^-6: -1.000e+00, Ewald -1.000e-05
Initialized non-bonded Ewald tables, spacing: 9.33e-04 size: 1073

Generated table with 4192 data points for 1-4 COUL.
Tabscale = 2000 points/nm
Generated table with 4192 data points for 1-4 LJ6.
Tabscale = 2000 points/nm
Generated table with 4192 data points for 1-4 LJ12.
Tabscale = 2000 points/nm


Using SIMD 4x2 nonbonded short-range kernels

Using a dual 4x2 pair-list setup updated with dynamic pruning:
  outer list: updated every 40 steps, buffer 0.096 nm, rlist 1.096 nm
  inner list: updated every 12 steps, buffer 0.003 nm, rlist 1.003 nm
At tolerance 0.005 kJ/mol/ps per atom, equivalent classical 1x1 list would be:
  outer list: updated every 40 steps, buffer 0.187 nm, rlist 1.187 nm
  inner list: updated every 12 steps, buffer 0.040 nm, rlist 1.040 nm

Using geometric Lennard-Jones combination rule
Removing pbc first time

Initializing LINear Constraint Solver

++++ PLEASE READ AND CITE THE FOLLOWING REFERENCE ++++
B. Hess and H. Bekker and H. J. C. Berendsen and J. G. E. M. Fraaije
LINCS: A Linear Constraint Solver for molecular simulations
J. Comp. Chem. 18 (1997) pp. 1463-1472
-------- -------- --- Thank You --- -------- --------

The number of constraints is 800

++++ PLEASE READ AND CITE THE FOLLOWING REFERENCE ++++
S. Miyamoto and P. A. Kollman
SETTLE: An Analytical Version of the SHAKE and RATTLE Algorithms for Rigid
Water Models
J. Comp. Chem. 13 (1992) pp. 952-962
-------- -------- --- Thank You --- -------- --------


Linking all bonded interactions to atoms


Intra-simulation communication will occur every 10 steps.

++++ PLEASE READ AND CITE THE FOLLOWING REFERENCE ++++
G. Bussi, D. Donadio and M. Parrinello
Canonical sampling through velocity rescaling
J. Chem. Phys. 126 (2007) pp. 014101
-------- -------- --- Thank You --- -------- --------

There are: 2400 Atoms
Atom distribution over 4 domains: av 600 stddev 14 min 577 max 615

Constraining the starting coordinates (step 0)

Constraining the coordinates at t0-dt (step 0)
Center of mass motion removal mode is Linear
We have the following groups for center of mass motion removal:
  0:  System
RMS relative constraint deviation after constraining: 4.12e-06
Initial temperature: 359.482 K

Started mdrun on rank 0 Wed Apr 16 14:13:39 2025

           Step           Time
              0        0.00000

   Energies (kJ/mol)
           Bond          Angle Ryckaert-Bell.          LJ-14     Coulomb-14
    1.10761e+01    1.05031e+02    1.23903e+02    0.00000e+00    2.85261e+03
        LJ (SR)   Coulomb (SR)   Coul. recip.      Potential    Kinetic En.
    9.10556e+02   -2.31537e+04    3.72182e+02   -1.87784e+04    7.77538e+03
   Total Energy  Conserved En.    Temperature Pressure (bar)   Constr. rmsd
   -1.10030e+04   -1.10030e+04    3.59886e+02   -1.46049e+03    3.64496e-06


DD  step 39 load imb.: force 26.9%

step 80 Turning on dynamic load balancing, because the performance loss due to load imbalance is 7.7 %.

DD  step 999  vol min/aver 0.946  load imb.: force  2.2%
           Step           Time
           1000        2.00000

   Energies (kJ/mol)
           Bond          Angle Ryckaert-Bell.          LJ-14     Coulomb-14
    2.18359e+02    1.32340e+03    3.43427e+02    0.00000e+00    2.86143e+03
        LJ (SR)   Coulomb (SR)   Coul. recip.      Potential    Kinetic En.
    1.70194e+03   -2.35101e+04    4.01786e+02   -1.66598e+04    7.67244e+03
   Total Energy  Conserved En.    Temperature Pressure (bar)   Constr. rmsd
   -8.98736e+03   -1.08688e+04    3.55121e+02    4.31518e+02    2.96370e-06


DD  step 1999  vol min/aver 0.918  load imb.: force  1.6%
           Step           Time
           2000        4.00000

   Energies (kJ/mol)
           Bond          Angle Ryckaert-Bell.          LJ-14     Coulomb-14
    2.50866e+02    1.54703e+03    3.34734e+02    0.00000e+00    2.85297e+03
        LJ (SR)   Coulomb (SR)   Coul. recip.      Potential    Kinetic En.
    1.67459e+03   -2.36087e+04    4.16342e+02   -1.65321e+04    7.86672e+03
   Total Energy  Conserved En.    Temperature Pressure (bar)   Constr. rmsd
   -8.66542e+03   -1.08566e+04    3.64114e+02    2.32372e+02    3.34911e-06


DD  step 2999  vol min/aver 0.920  load imb.: force  2.2%
           Step           Time
           3000        6.00000

   Energies (kJ/mol)
           Bond          Angle Ryckaert-Bell.          LJ-14     Coulomb-14
    2.56728e+02    1.67825e+03    2.92833e+02    0.00000e+00    2.84846e+03
        LJ (SR)   Coulomb (SR)   Coul. recip.      Potential    Kinetic En.
    1.82391e+03   -2.40782e+04    4.33608e+02   -1.67444e+04    7.50388e+03
   Total Energy  Conserved En.    Temperature Pressure (bar)   Constr. rmsd
   -9.24056e+03   -1.08507e+04    3.47319e+02   -1.48304e+02    3.17804e-06


DD  step 3999  vol min/aver 0.855  load imb.: force  2.1%
           Step           Time
           4000        8.00000

   Energies (kJ/mol)
           Bond          Angle Ryckaert-Bell.          LJ-14     Coulomb-14
    2.67197e+02    1.73724e+03    3.25034e+02    0.00000e+00    2.87052e+03
        LJ (SR)   Coulomb (SR)   Coul. recip.      Potential    Kinetic En.
    1.72370e+03   -2.41672e+04    4.20369e+02   -1.68232e+04    7.96282e+03
   Total Energy  Conserved En.    Temperature Pressure (bar)   Constr. rmsd
   -8.86035e+03   -1.08594e+04    3.68562e+02   -1.02685e+02    3.92184e-06


DD  step 4999  vol min/aver 0.886  load imb.: force  1.8%
           Step           Time
           5000       10.00000

   Energies (kJ/mol)
           Bond          Angle Ryckaert-Bell.          LJ-14     Coulomb-14
    3.02161e+02    1.72157e+03    3.09541e+02    0.00000e+00    2.86194e+03
        LJ (SR)   Coulomb (SR)   Coul. recip.      Potential    Kinetic En.
    2.14156e+03   -2.48300e+04    3.90964e+02   -1.71022e+04    7.82820e+03
   Total Energy  Conserved En.    Temperature Pressure (bar)   Constr. rmsd
   -9.27405e+03   -1.08574e+04    3.62330e+02    2.26239e+02    3.84240e-06


DD  step 5999  vol min/aver 0.894  load imb.: force  1.4%
           Step           Time
           6000       12.00000

   Energies (kJ/mol)
           Bond          Angle Ryckaert-Bell.          LJ-14     Coulomb-14
    2.89857e+02    1.87417e+03    2.90200e+02    0.00000e+00    2.86347e+03
        LJ (SR)   Coulomb (SR)   Coul. recip.      Potential    Kinetic En.
    1.77685e+03   -2.42999e+04    4.36646e+02   -1.67687e+04    7.97632e+03
   Total Energy  Conserved En.    Temperature Pressure (bar)   Constr. rmsd
   -8.79235e+03   -1.08470e+04    3.69186e+02   -2.18310e+02    3.93159e-06


DD  step 6999  vol min/aver 0.904  load imb.: force  2.4%
           Step           Time
           7000       14.00000

   Energies (kJ/mol)
           Bond          Angle Ryckaert-Bell.          LJ-14     Coulomb-14
    3.18147e+02    1.81488e+03    3.42060e+02    0.00000e+00    2.86172e+03
        LJ (SR)   Coulomb (SR)   Coul. recip.      Potential    Kinetic En.
    1.58131e+03   -2.43130e+04    4.39733e+02   -1.69552e+04    7.96849e+03
   Total Energy  Conserved En.    Temperature Pressure (bar)   Constr. rmsd
   -8.98667e+03   -1.08521e+04    3.68824e+02   -9.03947e+02    3.78956e-06


DD  step 7999  vol min/aver 0.900  load imb.: force  1.4%
           Step           Time
           8000       16.00000

   Energies (kJ/mol)
           Bond          Angle Ryckaert-Bell.          LJ-14     Coulomb-14
    3.88656e+02    1.84049e+03    3.18589e+02    0.00000e+00    2.86581e+03
        LJ (SR)   Coulomb (SR)   Coul. recip.      Potential    Kinetic En.
    1.85205e+03   -2.43959e+04    4.40086e+02   -1.66902e+04    7.60919e+03
   Total Energy  Conserved En.    Temperature Pressure (bar)   Constr. rmsd
   -9.08103e+03   -1.08364e+04    3.52194e+02   -1.13163e+02    3.82161e-06


DD  step 8999  vol min/aver 0.894  load imb.: force  1.7%
           Step           Time
           9000       18.00000

   Energies (kJ/mol)
           Bond          Angle Ryckaert-Bell.          LJ-14     Coulomb-14
    3.16019e+02    1.99732e+03    3.25595e+02    0.00000e+00    2.86260e+03
        LJ (SR)   Coulomb (SR)   Coul. recip.      Potential    Kinetic En.
    1.94846e+03   -2.48317e+04    4.39701e+02   -1.69420e+04    7.65880e+03
   Total Energy  Conserved En.    Temperature Pressure (bar)   Constr. rmsd
   -9.28325e+03   -1.08339e+04    3.54490e+02   -6.29745e+02    3.98537e-06


DD  step 9999  vol min/aver 0.849  load imb.: force  5.1%
           Step           Time
          10000       20.00000

   Energies (kJ/mol)
           Bond          Angle Ryckaert-Bell.          LJ-14     Coulomb-14
    2.66083e+02    1.94061e+03    3.17323e+02    0.00000e+00    2.86724e+03
        LJ (SR)   Coulomb (SR)   Coul. recip.      Potential    Kinetic En.
    1.92324e+03   -2.46689e+04    4.32037e+02   -1.69223e+04    7.81278e+03
   Total Energy  Conserved En.    Temperature Pressure (bar)   Constr. rmsd
   -9.10957e+03   -1.08384e+04    3.61617e+02   -7.41522e+02    4.18297e-06


DD  step 10999  vol min/aver 0.899  load imb.: force  2.6%
           Step           Time
          11000       22.00000

   Energies (kJ/mol)
           Bond          Angle Ryckaert-Bell.          LJ-14     Coulomb-14
    2.70140e+02    1.76562e+03    4.06971e+02    0.00000e+00    2.86499e+03
        LJ (SR)   Coulomb (SR)   Coul. recip.      Potential    Kinetic En.
    1.84284e+03   -2.44402e+04    4.57769e+02   -1.68319e+04    7.68007e+03
   Total Energy  Conserved En.    Temperature Pressure (bar)   Constr. rmsd
   -9.15181e+03   -1.08544e+04    3.55474e+02   -9.11206e+01    3.94281e-06


DD  step 11999  vol min/aver 0.884  load imb.: force  1.0%
           Step           Time
          12000       24.00000

   Energies (kJ/mol)
           Bond          Angle Ryckaert-Bell.          LJ-14     Coulomb-14
    3.19567e+02    1.86961e+03    3.22173e+02    0.00000e+00    2.86082e+03
        LJ (SR)   Coulomb (SR)   Coul. recip.      Potential    Kinetic En.
    1.72215e+03   -2.43011e+04    4.31119e+02   -1.67756e+04    7.59529e+03
   Total Energy  Conserved En.    Temperature Pressure (bar)   Constr. rmsd
   -9.18032e+03   -1.08363e+04    3.51550e+02   -7.87008e+02    3.69859e-06


DD  step 12999  vol min/aver 0.886  load imb.: force  2.6%
           Step           Time
          13000       26.00000

   Energies (kJ/mol)
           Bond          Angle Ryckaert-Bell.          LJ-14     Coulomb-14
    2.61977e+02    1.82392e+03    3.35966e+02    0.00000e+00    2.85979e+03
        LJ (SR)   Coulomb (SR)   Coul. recip.      Potential    Kinetic En.
    1.91601e+03   -2.45847e+04    4.00724e+02   -1.69863e+04    7.68281e+03
   Total Energy  Conserved En.    Temperature Pressure (bar)   Constr. rmsd
   -9.30350e+03   -1.08492e+04    3.55601e+02    1.93433e+02    3.90251e-06


DD  step 13999  vol min/aver 0.896  load imb.: force  2.8%
           Step           Time
          14000       28.00000

   Energies (kJ/mol)
           Bond          Angle Ryckaert-Bell.          LJ-14     Coulomb-14
    3.54513e+02    1.83488e+03    3.45212e+02    0.00000e+00    2.86226e+03
        LJ (SR)   Coulomb (SR)   Coul. recip.      Potential    Kinetic En.
    1.83432e+03   -2.45446e+04    4.07250e+02   -1.69062e+04    7.82330e+03
   Total Energy  Conserved En.    Temperature Pressure (bar)   Constr. rmsd
   -9.08286e+03   -1.08487e+04    3.62104e+02   -7.09423e+02    4.32871e-06


DD  step 14999  vol min/aver 0.870  load imb.: force  2.7%
           Step           Time
          15000       30.00000

   Energies (kJ/mol)
           Bond          Angle Ryckaert-Bell.          LJ-14     Coulomb-14
    3.23829e+02    1.82971e+03    3.75661e+02    0.00000e+00    2.86407e+03
        LJ (SR)   Coulomb (SR)   Coul. recip.      Potential    Kinetic En.
    1.63455e+03   -2.42095e+04    3.82814e+02   -1.67988e+04    7.63055e+03
   Total Energy  Conserved En.    Temperature Pressure (bar)   Constr. rmsd
   -9.16829e+03   -1.08515e+04    3.53182e+02   -6.35113e+02    4.36602e-06


DD  step 15999  vol min/aver 0.926  load imb.: force  7.5%
           Step           Time
          16000       32.00000

   Energies (kJ/mol)
           Bond          Angle Ryckaert-Bell.          LJ-14     Coulomb-14
    2.77094e+02    1.92751e+03    3.65916e+02    0.00000e+00    2.86943e+03
        LJ (SR)   Coulomb (SR)   Coul. recip.      Potential    Kinetic En.
    1.90977e+03   -2.48037e+04    3.80303e+02   -1.70736e+04    8.01834e+03
   Total Energy  Conserved En.    Temperature Pressure (bar)   Constr. rmsd
   -9.05529e+03   -1.08409e+04    3.71131e+02   -1.75291e+02    4.64118e-06


DD  step 16999  vol min/aver 0.839  load imb.: force  1.4%
           Step           Time
          17000       34.00000

   Energies (kJ/mol)
           Bond          Angle Ryckaert-Bell.          LJ-14     Coulomb-14
    3.49311e+02    1.92311e+03    3.09466e+02    0.00000e+00    2.87263e+03
        LJ (SR)   Coulomb (SR)   Coul. recip.      Potential    Kinetic En.
    1.82688e+03   -2.44247e+04    4.33932e+02   -1.67094e+04    7.84724e+03
   Total Energy  Conserved En.    Temperature Pressure (bar)   Constr. rmsd
   -8.86214e+03   -1.08373e+04    3.63212e+02    3.99481e+02    4.57105e-06


DD  step 17999  vol min/aver 0.924  load imb.: force  3.1%
           Step           Time
          18000       36.00000

   Energies (kJ/mol)
           Bond          Angle Ryckaert-Bell.          LJ-14     Coulomb-14
    3.42842e+02    1.98032e+03    3.12670e+02    0.00000e+00    2.87231e+03
        LJ (SR)   Coulomb (SR)   Coul. recip.      Potential    Kinetic En.
    2.01064e+03   -2.48037e+04    4.18704e+02   -1.68662e+04    7.85014e+03
   Total Energy  Conserved En.    Temperature Pressure (bar)   Constr. rmsd
   -9.01606e+03   -1.08302e+04    3.63346e+02   -1.36235e+02    4.38634e-06


DD  step 18999  vol min/aver 0.874  load imb.: force  1.3%
           Step           Time
          19000       38.00000

   Energies (kJ/mol)
           Bond          Angle Ryckaert-Bell.          LJ-14     Coulomb-14
    2.85156e+02    2.02686e+03    3.16676e+02    0.00000e+00    2.86306e+03
        LJ (SR)   Coulomb (SR)   Coul. recip.      Potential    Kinetic En.
    1.90030e+03   -2.49073e+04    3.72963e+02   -1.71423e+04    7.95437e+03
   Total Energy  Conserved En.    Temperature Pressure (bar)   Constr. rmsd
   -9.18790e+03   -1.08324e+04    3.68170e+02   -6.22609e+02    3.95157e-06


DD  step 19999  vol min/aver 0.963  load imb.: force  3.5%
           Step           Time
          20000       40.00000

Writing checkpoint, step 20000 at Wed Apr 16 14:13:45 2025


   Energies (kJ/mol)
           Bond          Angle Ryckaert-Bell.          LJ-14     Coulomb-14
    3.20192e+02    1.89092e+03    3.26635e+02    0.00000e+00    2.86695e+03
        LJ (SR)   Coulomb (SR)   Coul. recip.      Potential    Kinetic En.
    1.97021e+03   -2.47417e+04    4.31828e+02   -1.69349e+04    7.58548e+03
   Total Energy  Conserved En.    Temperature Pressure (bar)   Constr. rmsd
   -9.34947e+03   -1.08422e+04    3.51096e+02   -1.16163e+02    4.28482e-06


Energy conservation over simulation part #1 of length 40 ns, time 0 to 40 ns
  Conserved energy drift: 1.67e-03 kJ/mol/ps per atom


	<======  ###############  ==>
	<====  A V E R A G E S  ====>
	<==  ###############  ======>

	Statistics over 20001 steps using 201 frames

   Energies (kJ/mol)
           Bond          Angle Ryckaert-Bell.          LJ-14     Coulomb-14
    2.92725e+02    1.76479e+03    3.27709e+02    0.00000e+00    2.86084e+03
        LJ (SR)   Coulomb (SR)   Coul. recip.      Potential    Kinetic En.
    1.73884e+03   -2.42948e+04    4.15545e+02   -1.68943e+04    7.77282e+03
   Total Energy  Conserved En.    Temperature Pressure (bar)   Constr. rmsd
   -9.12153e+03   -1.08509e+04    3.59767e+02   -4.81774e+02    0.00000e+00

   Total Virial (kJ/mol)
    3.08272e+03    2.56503e+00   -2.79526e+01
    2.56503e+00    2.93346e+03   -1.20903e+01
   -2.79526e+01   -1.20903e+01    3.05313e+03

   Pressure (bar)
   -5.40333e+02    1.27772e+00    3.13495e+01
    1.27772e+00   -3.89896e+02    1.64357e+01
    3.13495e+01    1.64357e+01   -5.15094e+02


	M E G A - F L O P S   A C C O U N T I N G

 NB=Group-cutoff nonbonded kernels    NxN=N-by-N cluster Verlet kernels
 RF=Reaction-Field  VdW=Van der Waals  QSTab=quadratic-spline table
 W3=SPC/TIP3p  W4=TIP4p (single or pairs)
 V&F=Potential and force  V=Potential only  F=Force only

 Computing:                               M-Number         M-Flops  % Flops
-----------------------------------------------------------------------------
 Pair Search distance check             331.111168        2980.001     0.3
 NxN QSTab Elec. + LJ [F]             12543.390496      514279.010    56.3
 NxN QSTab Elec. + LJ [V&F]             127.355864        7513.996     0.8
 NxN QSTab Elec. [F]                   5398.679080      183555.089    20.1
 NxN QSTab Elec. [V&F]                   54.796664        2246.663     0.2
 1,4 nonbonded interactions              12.000600        1080.054     0.1
 Calc Weights                           144.007200        5184.259     0.6
 Spread Q Bspline                      3072.153600        6144.307     0.7
 Gather F Bspline                      3072.153600       18432.922     2.0
 3D-FFT                               19661.783040      157294.264    17.2
 Solve PME                               20.481024        1310.786     0.1
 Reset In Box                             1.202400           3.607     0.0
 CG-CoM                                   1.204800           3.614     0.0
 Bonds                                    4.000200         236.012     0.0
 Angles                                  28.001400        4704.235     0.5
 RB-Dihedrals                            12.000600        2964.148     0.3
 Virial                                   0.518580           9.334     0.0
 Stop-CM                                  0.484800           4.848     0.0
 Calc-Ekin                                9.604800         259.330     0.0
 Lincs                                   16.002400         960.144     0.1
 Lincs-Mat                              144.021600         576.086     0.1
 Constraint-V                            56.005600         504.050     0.1
 Constraint-Vir                           0.402000           9.648     0.0
 Settle                                   8.001200        2960.444     0.3
-----------------------------------------------------------------------------
 Total                                                  913216.852   100.0
-----------------------------------------------------------------------------


    D O M A I N   D E C O M P O S I T I O N   S T A T I S T I C S

 av. #atoms communicated per step for force:  2 x 3719.2


Dynamic load balancing report:
 DLB was turned on during the run due to measured imbalance.
 Average load imbalance: 2.7%.
 The balanceable part of the MD step is 57%, load imbalance is computed from this.
 Part of the total run time spent waiting due to load imbalance: 1.5%.
 Steps where the load balancing was limited by -rdd, -rcon and/or -dds: X 0 %


     R E A L   C Y C L E   A N D   T I M E   A C C O U N T I N G

On 4 MPI ranks, each using 8 OpenMP threads

 Computing:          Num   Num      Call    Wall time         Giga-Cycles
                     Ranks Threads  Count      (s)         total sum    %
-----------------------------------------------------------------------------
 Domain decomp.         4    8        501       0.062          3.967   1.1
 DD comm. load          4    8        500       0.001          0.059   0.0
 DD comm. bounds        4    8        499       0.004          0.230   0.1
 Neighbor search        4    8        501       0.101          6.451   1.8
 Comm. coord.           4    8      19500       0.135          8.613   2.4
 Force                  4    8      20001       2.759        176.273  49.4
 Wait + Comm. F         4    8      20001       0.094          6.010   1.7
 PME mesh               4    8      20001       1.993        127.330  35.7
 NB X/F buffer ops.     4    8      59001       0.184         11.731   3.3
 Write traj.            4    8         21       0.003          0.223   0.1
 Update                 4    8      20001       0.068          4.352   1.2
 Constraints            4    8      20003       0.129          8.233   2.3
 Comm. energies         4    8       2001       0.019          1.222   0.3
 Rest                                           0.033          2.080   0.6
-----------------------------------------------------------------------------
 Total                                          5.584        356.774 100.0
-----------------------------------------------------------------------------
 Breakdown of PME mesh computation
-----------------------------------------------------------------------------
 PME redist. X/F        4    8      40002       0.421         26.889   7.5
 PME spread             4    8      20001       0.425         27.146   7.6
 PME gather             4    8      20001       0.344         21.986   6.2
 PME 3D-FFT             4    8      40002       0.356         22.741   6.4
 PME 3D-FFT Comm.       4    8      40002       0.341         21.776   6.1
 PME solve Elec         4    8      20001       0.087          5.571   1.6
-----------------------------------------------------------------------------

               Core t (s)   Wall t (s)        (%)
       Time:      178.674        5.584     3200.0
                 (ns/day)    (hour/ns)
Performance:      618.984        0.039
Finished mdrun on rank 0 Wed Apr 16 14:13:45 2025

