                               No. of Molecules =    12800
                      No. of Atoms per Molecule =        1
                                      Time Step =          1.0000
                                No. of MD Steps =      600
                            Desired Temperature =         85.0000
                                     Box Length =         84.8420
                          LJ Params: eps, sigma =          0.2381         3.4050
                                         Cutoff =         10.0000
                                           Mass =         39.9480

Temperature is set to       85.000
Step           PE              KE              TE
         1        -17587.82806        3243.04001      -14344.78805
         2        -17587.82806        3243.27458      -14344.55348
         3        -17587.82806        3243.58847      -14344.23960
         4        -17587.82806        3243.98167      -14343.84640
         5        -17587.82806        3244.45418      -14343.37388
         6        -17587.82806        3245.00601      -14342.82205
         7        -17587.82806        3245.63716      -14342.19091
         8        -17587.82806        3246.34762      -14341.48045
         9        -17587.82806        3247.13739      -14340.69067
        10        -17587.82806        3248.00648      -14339.82158
        11        -17587.82806        3248.95488      -14338.87318
        12        -17587.82806        3249.98260      -14337.84546
        13        -17587.82806        3251.08964      -14336.73843
        14        -17587.82806        3252.27599      -14335.55208
        15        -17587.82806        3253.54165      -14334.28641
        16        -17587.82806        3254.88663      -14332.94144
        17        -17587.82806        3256.31092      -14331.51714
        18        -17587.82806        3257.81453      -14330.01353
        19        -17587.82806        3259.39745      -14328.43061
        20        -17587.82806        3261.05969      -14326.76837
        21        -17587.82806        3262.80124      -14325.02682
        22        -17587.82806        3264.62211      -14323.20595
        23        -17587.82806        3266.52229      -14321.30577
        24        -17587.82806        3268.50179      -14319.32627
        25        -17587.82806        3270.56060      -14317.26746
        26        -17587.82806        3272.69873      -14315.12933
        27        -17587.82806        3274.91617      -14312.91189
        28        -17587.82806        3277.21293      -14310.61513
        29        -17587.82806        3279.58900      -14308.23906
        30        -17587.82806        3282.04439      -14305.78368
        31        -17587.82806        3284.57909      -14303.24897
        32        -17587.82806        3287.19311      -14300.63496
        33        -17587.82806        3289.88644      -14297.94163
        34        -17587.82806        3292.65908      -14295.16898
        35        -17587.82806        3295.51104      -14292.31702
        36        -17587.82806        3298.44232      -14289.38574
        37        -17587.82806        3301.45291      -14286.37515
        38        -17587.82806        3304.54282      -14283.28525
        39        -17587.82806        3307.71204      -14280.11603
        40        -17587.82806        3310.96057      -14276.86749
        41        -17587.82806        3314.28842      -14273.53964
        42        -17587.82806        3317.69559      -14270.13248
        43        -17587.82806        3321.18207      -14266.64600
        44        -17587.82806        3324.74786      -14263.08020
        45        -17587.82806        3328.39297      -14259.43509
        46        -17587.82806        3332.11740      -14255.71067
        47        -17587.82806        3335.92114      -14251.90693
        48        -17587.82806        3339.80419      -14248.02387
        49        -17587.82806        3343.76656      -14244.06150
        50        -17587.82806        3347.80824      -14240.01982
        51        -17587.82806        3351.92924      -14235.89882
        52        -17587.82806        3356.12956      -14231.69851
        53        -17587.82806        3360.40918      -14227.41888
        54        -17587.82806        3364.76813      -14223.05994
        55        -17587.82806        3369.20639      -14218.62168
        56        -17587.82806        3373.72396      -14214.10410
        57        -17587.82806        3378.32085      -14209.50722
        58        -17587.82806        3382.99705      -14204.83101
        59        -17587.82806        3387.75257      -14200.07550
        60        -17587.82806        3392.58740      -14195.24066
        61        -17587.82806        3397.50155      -14190.32652
        62        -17587.82806        3402.49501      -14185.33305
        63        -17587.82806        3407.56779      -14180.26028
        64        -17587.82806        3412.71988      -14175.10818
        65        -17587.82806        3417.95129      -14169.87678
        66        -17587.82806        3423.26201      -14164.56605
        67        -17587.82806        3428.65205      -14159.17602
        68        -17587.82806        3434.12140      -14153.70667
        69        -17587.82806        3439.67006      -14148.15800
        70        -17587.82806        3445.29805      -14142.53002
        71        -17587.82806        3451.00534      -14136.82272
        72        -17587.82806        3456.79195      -14131.03611
        73        -17587.82806        3462.65788      -14125.17018
        74        -17587.82806        3468.60312      -14119.22494
        75        -17587.82806        3474.62768      -14113.20039
        76        -17587.82806        3480.73155      -14107.09652
        77        -17587.82806        3486.91473      -14100.91333
        78        -17587.82806        3493.17723      -14094.65083
        79        -17587.82806        3499.51905      -14088.30902
        80        -17587.82806        3505.94018      -14081.88789
        81        -17587.82806        3512.44062      -14075.38744
        82        -17587.82806        3519.02038      -14068.80768
        83        -17587.82806        3525.67946      -14062.14861
        84        -17587.82806        3532.41785      -14055.41022
        85        -17587.82806        3539.23555      -14048.59251
        86        -17587.82806        3546.13257      -14041.69549
        87        -17587.82806        3553.10890      -14034.71916
        88        -17587.82806        3560.16455      -14027.66351
        89        -17587.82806        3567.29952      -14020.52855
        90        -17587.82806        3574.51380      -14013.31427
        91        -17587.82806        3581.80739      -14006.02067
        92        -17587.82806        3589.18030      -13998.64777
        93        -17587.82806        3596.63252      -13991.19554
        94        -17587.82806        3604.16406      -13983.66400
        95        -17587.82806        3611.77491      -13976.05315
        96        -17587.82806        3619.46508      -13968.36298
        97        -17587.82806        3627.23456      -13960.59350
        98        -17587.82806        3635.08336      -13952.74470
        99        -17587.82806        3643.01147      -13944.81659
       100        -17587.82806        3651.01890      -13936.80916
       101        -17587.82806        3659.10564      -13928.72242
       102        -17587.82806        3667.27170      -13920.55636
       103        -17587.82806        3675.51707      -13912.31099
       104        -17587.82806        3683.84176      -13903.98630
       105        -17587.82806        3692.24576      -13895.58230
       106        -17587.82806        3700.72908      -13887.09899
       107        -17587.82806        3709.29171      -13878.53635
       108        -17587.82806        3717.93366      -13869.89441
       109        -17587.82806        3726.65492      -13861.17315
       110        -17587.82806        3735.45549      -13852.37257
       111        -17587.82806        3744.33538      -13843.49268
       112        -17587.82806        3753.29459      -13834.53347
       113        -17587.82806        3762.33311      -13825.49495
       114        -17587.82806        3771.45095      -13816.37712
       115        -17587.82806        3780.64810      -13807.17997
       116        -17587.82806        3789.92456      -13797.90350
       117        -17587.82806        3799.28034      -13788.54772
       118        -17587.82806        3808.71544      -13779.11263
       119        -17587.82806        3818.22985      -13769.59822
       120        -17587.82806        3827.82357      -13760.00449
       121        -17587.82806        3837.49661      -13750.33145
       122        -17587.82806        3847.24897      -13740.57910
       123        -17587.82806        3857.08064      -13730.74743
       124        -17587.82806        3866.99162      -13720.83644
       125        -17587.82806        3876.98192      -13710.84614
       126        -17587.82806        3887.05153      -13700.77653
       127        -17587.82806        3897.20046      -13690.62760
       128        -17587.82806        3907.42871      -13680.39936
       129        -17587.82806        3917.73627      -13670.09180
       130        -17587.82806        3928.12314      -13659.70492
       131        -17587.82806        3938.58933      -13649.23874
       132        -17587.82806        3949.13483      -13638.69323
       133        -17587.82806        3959.75965      -13628.06841
       134        -17587.82806        3970.46378      -13617.36428
       135        -17587.82806        3981.24723      -13606.58083
       136        -17587.82806        3992.10999      -13595.71807
       137        -17587.82806        4003.05207      -13584.77599
       138        -17587.82806        4014.07346      -13573.75460
       139        -17587.82806        4025.17417      -13562.65389
       140        -17587.82806        4036.35419      -13551.47387
       141        -17587.82806        4047.61353      -13540.21453
       142        -17587.82806        4058.95218      -13528.87588
       143        -17587.82806        4070.37015      -13517.45792
       144        -17587.82806        4081.86743      -13505.96063
       145        -17587.82806        4093.44403      -13494.38404
       146        -17587.82806        4105.09994      -13482.72813
       147        -17587.82806        4116.83516      -13470.99290
       148        -17587.82806        4128.64971      -13459.17836
       149        -17587.82806        4140.54356      -13447.28450
       150        -17587.82806        4152.51673      -13435.31133
       151        -17587.82806        4164.56922      -13423.25885
       152        -17587.82806        4176.70102      -13411.12705
       153        -17587.82806        4188.91213      -13398.91593
       154        -17587.82806        4201.20256      -13386.62550
       155        -17587.82806        4213.57231      -13374.25575
       156        -17587.82806        4226.02137      -13361.80669
       157        -17587.82806        4238.54974      -13349.27832
       158        -17587.82806        4251.15743      -13336.67063
       159        -17587.82806        4263.84444      -13323.98362
       160        -17587.82806        4276.61076      -13311.21730
       161        -17587.82806        4289.45639      -13298.37167
       162        -17587.82806        4302.38134      -13285.44672
       163        -17587.82806        4315.38561      -13272.44246
       164        -17587.82806        4328.46919      -13259.35888
       165        -17587.82806        4341.63208      -13246.19598
       166        -17587.82806        4354.87429      -13232.95377
       167        -17587.82806        4368.19581      -13219.63225
       168        -17587.82806        4381.59665      -13206.23141
       169        -17587.82806        4395.07680      -13192.75126
       170        -17587.82806        4408.63627      -13179.19179
       171        -17587.82806        4422.27506      -13165.55301
       172        -17587.82806        4435.99315      -13151.83491
       173        -17587.82806        4449.79057      -13138.03750
       174        -17587.82806        4463.66729      -13124.16077
       175        -17587.82806        4477.62334      -13110.20473
       176        -17587.82806        4491.65870      -13096.16937
       177        -17587.82806        4505.77337      -13082.05470
       178        -17587.82806        4519.96735      -13067.86071
       179        -17587.82806        4534.24066      -13053.58741
       180        -17587.82806        4548.59327      -13039.23479
       181        -17587.82806        4563.02521      -13024.80286
       182        -17587.82806        4577.53645      -13010.29161
       183        -17587.82806        4592.12701      -12995.70105
       184        -17587.82806        4606.79689      -12981.03117
       185        -17587.82806        4621.54608      -12966.28198
       186        -17587.82806        4636.37459      -12951.45348
       187        -17587.82806        4651.28241      -12936.54565
       188        -17587.82806        4666.26954      -12921.55852
       189        -17587.82806        4681.33600      -12906.49207
       190        -17587.82806        4696.48176      -12891.34630
       191        -17587.82806        4711.70684      -12876.12122
       192        -17587.82806        4727.01124      -12860.81683
       193        -17587.82806        4742.39495      -12845.43312
       194        -17587.82806        4757.85797      -12829.97009
       195        -17587.82806        4773.40031      -12814.42775
       196        -17587.82806        4789.02197      -12798.80610
       197        -17587.82806        4804.72294      -12783.10513
       198        -17587.82806        4820.50322      -12767.32484
       199        -17587.82806        4836.36282      -12751.46524
       200        -17587.82806        4852.30174      -12735.52633
       201        -17587.82806        4868.31997      -12719.50810
       202        -17587.82806        4884.41751      -12703.41055
       203        -17587.82806        4900.59437      -12687.23370
       204        -17587.82806        4916.85054      -12670.97752
       205        -17587.82806        4933.18603      -12654.64203
       206        -17587.82806        4949.60083      -12638.22723
       207        -17587.82806        4966.09495      -12621.73311
       208        -17587.82806        4982.66839      -12605.15968
       209        -17587.82806        4999.32113      -12588.50693
       210        -17587.82806        5016.05320      -12571.77487
       211        -17587.82806        5032.86458      -12554.96349
       212        -17587.82806        5049.75527      -12538.07280
       213        -17587.82806        5066.72528      -12521.10279
       214        -17587.82806        5083.77460      -12504.05347
       215        -17587.82806        5100.90324      -12486.92483
       216        -17587.82806        5118.11119      -12469.71688
       217        -17587.82806        5135.39846      -12452.42961
       218        -17587.82806        5152.76504      -12435.06303
       219        -17587.82806        5170.21093      -12417.61713
       220        -17587.82806        5187.73615      -12400.09192
       221        -17587.82806        5205.34067      -12382.48739
       222        -17587.82806        5223.02451      -12364.80355
       223        -17587.82806        5240.78767      -12347.04039
       224        -17587.82806        5258.63014      -12329.19792
       225        -17587.82806        5276.55193      -12311.27614
       226        -17587.82806        5294.55303      -12293.27504
       227        -17587.82806        5312.63344      -12275.19462
       228        -17587.82806        5330.79318      -12257.03489
       229        -17587.82806        5349.03222      -12238.79584
       230        -17587.82806        5367.35058      -12220.47748
       231        -17587.82806        5385.74826      -12202.07981
       232        -17587.82806        5404.22525      -12183.60282
       233        -17587.82806        5422.78155      -12165.04651
       234        -17587.82806        5441.41717      -12146.41089
       235        -17587.82806        5460.13211      -12127.69596
       236        -17587.82806        5478.92636      -12108.90171
       237        -17587.82806        5497.79992      -12090.02814
       238        -17587.82806        5516.75280      -12071.07526
       239        -17587.82806        5535.78499      -12052.04307
       240        -17587.82806        5554.89650      -12032.93156
       241        -17587.82806        5574.08733      -12013.74074
       242        -17587.82806        5593.35747      -11994.47060
       243        -17587.82806        5612.70692      -11975.12114
       244        -17587.82806        5632.13569      -11955.69238
       245        -17587.82806        5651.64377      -11936.18429
       246        -17587.82806        5671.23117      -11916.59689
       247        -17587.82806        5690.89788      -11896.93018
       248        -17587.82806        5710.64391      -11877.18415
       249        -17587.82806        5730.46925      -11857.35881
       250        -17587.82806        5750.37391      -11837.45415
       251        -17587.82806        5770.35789      -11817.47018
       252        -17587.82806        5790.42117      -11797.40689
       253        -17587.82806        5810.56378      -11777.26429
       254        -17587.82806        5830.78569      -11757.04237
       255        -17587.82806        5851.08692      -11736.74114
       256        -17587.82806        5871.46747      -11716.36059
       257        -17587.82806        5891.92733      -11695.90073
       258        -17587.82806        5912.46651      -11675.36155
       259        -17587.82806        5933.08500      -11654.74306
       260        -17587.82806        5953.78281      -11634.04526
       261        -17587.82806        5974.55993      -11613.26813
       262        -17587.82806        5995.41637      -11592.41170
       263        -17587.82806        6016.35212      -11571.47595
       264        -17587.82806        6037.36718      -11550.46088
       265        -17587.82806        6058.46156      -11529.36650
       266        -17587.82806        6079.63526      -11508.19280
       267        -17587.82806        6100.88827      -11486.93979
       268        -17587.82806        6122.22060      -11465.60747
       269        -17587.82806        6143.63224      -11444.19583
       270        -17587.82806        6165.12319      -11422.70487
       271        -17587.82806        6186.69346      -11401.13460
       272        -17587.82806        6208.34305      -11379.48502
       273        -17587.82806        6230.07195      -11357.75612
       274        -17587.82806        6251.88016      -11335.94790
       275        -17587.82806        6273.76769      -11314.06037
       276        -17587.82806        6295.73454      -11292.09353
       277        -17587.82806        6317.78069      -11270.04737
       278        -17587.82806        6339.90617      -11247.92190
       279        -17587.82806        6362.11096      -11225.71711
       280        -17587.82806        6384.39506      -11203.43300
       281        -17587.82806        6406.75848      -11181.06958
       282        -17587.82806        6429.20121      -11158.62685
       283        -17587.82806        6451.72326      -11136.10480
       284        -17587.82806        6474.32463      -11113.50344
       285        -17587.82806        6497.00530      -11090.82276
       286        -17587.82806        6519.76530      -11068.06277
       287        -17587.82806        6542.60461      -11045.22346
       288        -17587.82806        6565.52323      -11022.30484
       289        -17587.82806        6588.52117      -10999.30690
       290        -17587.82806        6611.59842      -10976.22965
       291        -17587.82806        6634.75499      -10953.07308
       292        -17587.82806        6657.99087      -10929.83720
       293        -17587.82806        6681.30607      -10906.52200
       294        -17587.82806        6704.70058      -10883.12749
       295        -17587.82806        6728.17440      -10859.65366
       296        -17587.82806        6751.72755      -10836.10052
       297        -17587.82806        6775.36000      -10812.46806
       298        -17587.82806        6799.07177      -10788.75629
       299        -17587.82806        6822.86286      -10764.96520
       300        -17587.82806        6846.73326      -10741.09480
       301        -17587.82806        6870.68298      -10717.14509
       302        -17587.82806        6894.71201      -10693.11605
       303        -17587.82806        6918.82036      -10669.00771
       304        -17587.82806        6943.00802      -10644.82005
       305        -17587.82806        6967.27499      -10620.55307
       306        -17587.82806        6991.62128      -10596.20678
       307        -17587.82806        7016.04689      -10571.78118
       308        -17587.82806        7040.55181      -10547.27626
       309        -17587.82806        7065.13604      -10522.69202
       310        -17587.82806        7089.79959      -10498.02847
       311        -17587.82806        7114.54246      -10473.28561
       312        -17587.82806        7139.36464      -10448.46343
       313        -17587.82806        7164.26613      -10423.56193
       314        -17587.82806        7189.24694      -10398.58112
       315        -17587.82806        7214.30707      -10373.52100
       316        -17587.82806        7239.44650      -10348.38156
       317        -17587.82806        7264.66526      -10323.16281
       318        -17587.82806        7289.96333      -10297.86474
       319        -17587.82806        7315.34071      -10272.48735
       320        -17587.82806        7340.79741      -10247.03065
       321        -17587.82806        7366.33342      -10221.49464
       322        -17587.82806        7391.94875      -10195.87931
       323        -17587.82806        7417.64340      -10170.18467
       324        -17587.82806        7443.41735      -10144.41071
       325        -17587.82806        7469.27063      -10118.55744
       326        -17587.82806        7495.20321      -10092.62485
       327        -17587.82806        7521.21512      -10066.61295
       328        -17587.82806        7547.30633      -10040.52173
       329        -17587.82806        7573.47687      -10014.35120
       330        -17587.82806        7599.72671       -9988.10135
       331        -17587.82806        7626.05588       -9961.77219
       332        -17587.82806        7652.46435       -9935.36371
       333        -17587.82806        7678.95215       -9908.87592
       334        -17587.82806        7705.51925       -9882.30881
       335        -17587.82806        7732.16567       -9855.66239
       336        -17587.82806        7758.89141       -9828.93665
       337        -17587.82806        7785.69646       -9802.13160
       338        -17587.82806        7812.58083       -9775.24724
       339        -17587.82806        7839.54451       -9748.28355
       340        -17587.82806        7866.58751       -9721.24056
       341        -17587.82806        7893.70982       -9694.11825
       342        -17587.82806        7920.91144       -9666.91662
       343        -17587.82806        7948.19238       -9639.63568
       344        -17587.82806        7975.55264       -9612.27542
       345        -17587.82806        8002.99221       -9584.83585
       346        -17587.82806        8030.51109       -9557.31697
       347        -17587.82806        8058.10929       -9529.71877
       348        -17587.82806        8085.78681       -9502.04125
       349        -17587.82806        8113.54364       -9474.28442
       350        -17587.82806        8141.37978       -9446.44828
       351        -17587.82806        8169.29524       -9418.53282
       352        -17587.82806        8197.29002       -9390.53805
       353        -17587.82806        8225.36411       -9362.46396
       354        -17587.82806        8253.51751       -9334.31055
       355        -17587.82806        8281.75023       -9306.07783
       356        -17587.82806        8310.06226       -9277.76580
       357        -17587.82806        8338.45361       -9249.37445
       358        -17587.82806        8366.92428       -9220.90379
       359        -17587.82806        8395.47426       -9192.35381
       360        -17587.82806        8424.10355       -9163.72451
       361        -17587.82806        8452.81216       -9135.01591
       362        -17587.82806        8481.60008       -9106.22798
       363        -17587.82806        8510.46732       -9077.36074
       364        -17587.82806        8539.41387       -9048.41419
       365        -17587.82806        8568.43974       -9019.38832
       366        -17587.82806        8597.54492       -8990.28314
       367        -17587.82806        8626.72942       -8961.09864
       368        -17587.82806        8655.99323       -8931.83483
       369        -17587.82806        8685.33636       -8902.49170
       370        -17587.82806        8714.75880       -8873.06926
       371        -17587.82806        8744.26056       -8843.56751
       372        -17587.82806        8773.84163       -8813.98643
       373        -17587.82806        8803.50202       -8784.32605
       374        -17587.82806        8833.24172       -8754.58635
       375        -17587.82806        8863.06074       -8724.76733
       376        -17587.82806        8892.95907       -8694.86900
       377        -17587.82806        8922.93671       -8664.89135
       378        -17587.82806        8952.99367       -8634.83439
       379        -17587.82806        8983.12995       -8604.69811
       380        -17587.82806        9013.34554       -8574.48252
       381        -17587.82806        9043.64045       -8544.18762
       382        -17587.82806        9074.01467       -8513.81340
       383        -17587.82806        9104.46820       -8483.35986
       384        -17587.82806        9135.00105       -8452.82701
       385        -17587.82806        9165.61322       -8422.21485
       386        -17587.82806        9196.30470       -8391.52337
       387        -17587.82806        9227.07549       -8360.75257
       388        -17587.82806        9257.92560       -8329.90246
       389        -17587.82806        9288.85503       -8298.97304
       390        -17587.82806        9319.86377       -8267.96430
       391        -17587.82806        9350.95182       -8236.87624
       392        -17587.82806        9382.11919       -8205.70887
       393        -17587.82806        9413.36587       -8174.46219
       394        -17587.82806        9444.69187       -8143.13619
       395        -17587.82806        9476.09719       -8111.73088
       396        -17587.82806        9507.58182       -8080.24625
       397        -17587.82806        9539.14576       -8048.68230
       398        -17587.82806        9570.78902       -8017.03905
       399        -17587.82806        9602.51159       -7985.31647
       400        -17587.82806        9634.31348       -7953.51458
       401        -17587.82806        9666.19468       -7921.63338
       402        -17587.82806        9698.15520       -7889.67286
       403        -17587.82806        9730.19503       -7857.63303
       404        -17587.82806        9762.31418       -7825.51388
       405        -17587.82806        9794.51264       -7793.31542
       406        -17587.82806        9826.79042       -7761.03764
       407        -17587.82806        9859.14751       -7728.68055
       408        -17587.82806        9891.58392       -7696.24414
       409        -17587.82806        9924.09964       -7663.72842
       410        -17587.82806        9956.69468       -7631.13338
       411        -17587.82806        9989.36903       -7598.45903
       412        -17587.82806       10022.12270       -7565.70537
       413        -17587.82806       10054.95568       -7532.87238
       414        -17587.82806       10087.86798       -7499.96009
       415        -17587.82806       10120.85959       -7466.96848
       416        -17587.82806       10153.93051       -7433.89755
       417        -17587.82806       10187.08075       -7400.74731
       418        -17587.82806       10220.31031       -7367.51775
       419        -17587.82806       10253.61918       -7334.20888
       420        -17587.82806       10287.00737       -7300.82070
       421        -17587.82806       10320.47487       -7267.35320
       422        -17587.82806       10354.02168       -7233.80638
       423        -17587.82806       10387.64781       -7200.18025
       424        -17587.82806       10421.35326       -7166.47481
       425        -17587.82806       10455.13802       -7132.69005
       426        -17587.82806       10489.00209       -7098.82597
       427        -17587.82806       10522.94548       -7064.88258
       428        -17587.82806       10556.96819       -7030.85988
       429        -17587.82806       10591.07020       -6996.75786
       430        -17587.82806       10625.25154       -6962.57652
       431        -17587.82806       10659.51219       -6928.31588
       432        -17587.82806       10693.85215       -6893.97591
       433        -17587.82806       10728.27143       -6859.55663
       434        -17587.82806       10762.77002       -6825.05804
       435        -17587.82806       10797.34793       -6790.48013
       436        -17587.82806       10832.00516       -6755.82291
       437        -17587.82806       10866.74170       -6721.08637
       438        -17587.82806       10901.55755       -6686.27052
       439        -17587.82806       10936.45272       -6651.37535
       440        -17587.82806       10971.42720       -6616.40086
       441        -17587.82806       11006.48100       -6581.34707
       442        -17587.82806       11041.61411       -6546.21395
       443        -17587.82806       11076.82654       -6511.00153
       444        -17587.82806       11112.11828       -6475.70978
       445        -17587.82806       11147.48934       -6440.33873
       446        -17587.82806       11182.93971       -6404.88835
       447        -17587.82806       11218.46940       -6369.35867
       448        -17587.82806       11254.07840       -6333.74967
       449        -17587.82806       11289.76672       -6298.06135
       450        -17587.82806       11325.53435       -6262.29372
       451        -17587.82806       11361.38129       -6226.44677
       452        -17587.82806       11397.30755       -6190.52051
       453        -17587.82806       11433.31313       -6154.51493
       454        -17587.82806       11469.39802       -6118.43004
       455        -17587.82806       11505.56223       -6082.26584
       456        -17587.82806       11541.80575       -6046.02231
       457        -17587.82806       11578.12858       -6009.69948
       458        -17587.82806       11614.53074       -5973.29733
       459        -17587.82806       11651.01220       -5936.81586
       460        -17587.82806       11687.57298       -5900.25508
       461        -17587.82806       11724.21308       -5863.61499
       462        -17587.82806       11760.93249       -5826.89558
       463        -17587.82806       11797.73121       -5790.09685
       464        -17587.82806       11834.60925       -5753.21881
       465        -17587.82806       11871.56661       -5716.26146
       466        -17587.82806       11908.60328       -5679.22479
       467        -17587.82806       11945.71926       -5642.10880
       468        -17587.82806       11982.91456       -5604.91350
       469        -17587.82806       12020.18917       -5567.63889
       470        -17587.82806       12057.54310       -5530.28496
       471        -17587.82806       12094.97635       -5492.85172
       472        -17587.82806       12132.48891       -5455.33916
       473        -17587.82806       12170.08078       -5417.74728
       474        -17587.82806       12207.75197       -5380.07610
       475        -17587.82806       12245.50247       -5342.32559
       476        -17587.82806       12283.33229       -5304.49577
       477        -17587.82806       12321.24142       -5266.58664
       478        -17587.82806       12359.22987       -5228.59819
       479        -17587.82806       12397.29763       -5190.53043
       480        -17587.82806       12435.44471       -5152.38335
       481        -17587.82806       12473.67110       -5114.15696
       482        -17587.82806       12511.97681       -5075.85125
       483        -17587.82806       12550.36183       -5037.46623
       484        -17587.82806       12588.82617       -4999.00189
       485        -17587.82806       12627.36982       -4960.45824
       486        -17587.82806       12665.99279       -4921.83527
       487        -17587.82806       12704.69507       -4883.13299
       488        -17587.82806       12743.47667       -4844.35140
       489        -17587.82806       12782.33758       -4805.49048
       490        -17587.82806       12821.27781       -4766.55026
       491        -17587.82806       12860.29735       -4727.53072
       492        -17587.82806       12899.39620       -4688.43186
       493        -17587.82806       12938.57437       -4649.25369
       494        -17587.82806       12977.83186       -4609.99620
       495        -17587.82806       13017.16866       -4570.65940
       496        -17587.82806       13056.58478       -4531.24329
       497        -17587.82806       13096.08021       -4491.74786
       498        -17587.82806       13135.65495       -4452.17311
       499        -17587.82806       13175.30901       -4412.51905
       500        -17587.82806       13215.04239       -4372.78568
       501        -17587.82806       13254.85508       -4332.97299
       502        -17587.82806       13294.74708       -4293.08098
       503        -17587.82806       13334.71840       -4253.10966
       504        -17587.82806       13374.76904       -4213.05903
       505        -17587.82806       13414.89899       -4172.92908
       506        -17587.82806       13455.10825       -4132.71981
       507        -17587.82806       13495.39683       -4092.43123
       508        -17587.82806       13535.76472       -4052.06334
       509        -17587.82806       13576.21193       -4011.61613
       510        -17587.82806       13616.73846       -3971.08961
       511        -17587.82806       13657.34430       -3930.48377
       512        -17587.82806       13698.02945       -3889.79862
       513        -17587.82806       13738.79392       -3849.03415
       514        -17587.82806       13779.63770       -3808.19036
       515        -17587.82806       13820.56080       -3767.26727
       516        -17587.82806       13861.56321       -3726.26485
       517        -17587.82806       13902.64494       -3685.18312
       518        -17587.82806       13943.80598       -3644.02208
       519        -17587.82806       13985.04634       -3602.78172
       520        -17587.82806       14026.36601       -3561.46205
       521        -17587.82806       14067.76500       -3520.06306
       522        -17587.82806       14109.24330       -3478.58476
       523        -17587.82806       14150.80092       -3437.02714
       524        -17587.82806       14192.43785       -3395.39021
       525        -17587.82806       14234.15410       -3353.67397
       526        -17587.82806       14275.94966       -3311.87840
       527        -17587.82806       14317.82454       -3270.00353
       528        -17587.82806       14359.77873       -3228.04934
       529        -17587.82806       14401.81223       -3186.01583
       530        -17587.82806       14443.92505       -3143.90301
       531        -17587.82806       14486.11719       -3101.71087
       532        -17587.82806       14528.38864       -3059.43942
       533        -17587.82806       14570.73941       -3017.08866
       534        -17587.82806       14613.16949       -2974.65858
       535        -17587.82806       14655.67888       -2932.14918
       536        -17587.82806       14698.26759       -2889.56047
       537        -17587.82806       14740.93562       -2846.89244
       538        -17587.82806       14783.68296       -2804.14510
       539        -17587.82806       14826.50961       -2761.31845
       540        -17587.82806       14869.41558       -2718.41248
       541        -17587.82806       14912.40087       -2675.42719
       542        -17587.82806       14955.46547       -2632.36259
       543        -17587.82806       14998.60938       -2589.21868
       544        -17587.82806       15041.83261       -2545.99545
       545        -17587.82806       15085.13516       -2502.69291
       546        -17587.82806       15128.51702       -2459.31105
       547        -17587.82806       15171.97819       -2415.84987
       548        -17587.82806       15215.51868       -2372.30939
       549        -17587.82806       15259.13848       -2328.68958
       550        -17587.82806       15302.83760       -2284.99046
       551        -17587.82806       15346.61603       -2241.21203
       552        -17587.82806       15390.47378       -2197.35428
       553        -17587.82806       15434.41085       -2153.41722
       554        -17587.82806       15478.42722       -2109.40084
       555        -17587.82806       15522.52292       -2065.30515
       556        -17587.82806       15566.69792       -2021.13014
       557        -17587.82806       15610.95225       -1976.87582
       558        -17587.82806       15655.28588       -1932.54218
       559        -17587.82806       15699.69884       -1888.12923
       560        -17587.82806       15744.19110       -1843.63696
       561        -17587.82806       15788.76269       -1799.06538
       562        -17587.82806       15833.41358       -1754.41448
       563        -17587.82806       15878.14380       -1709.68427
       564        -17587.82806       15922.95332       -1664.87474
       565        -17587.82806       15967.84216       -1619.98590
       566        -17587.82806       16012.81032       -1575.01774
       567        -17587.82806       16057.85779       -1529.97027
       568        -17587.82806       16102.98458       -1484.84349
       569        -17587.82806       16148.19068       -1439.63739
       570        -17587.82806       16193.47609       -1394.35197
       571        -17587.82806       16238.84083       -1348.98724
       572        -17587.82806       16284.28487       -1303.54319
       573        -17587.82806       16329.80823       -1258.01983
       574        -17587.82806       16375.41091       -1212.41716
       575        -17587.82806       16421.09290       -1166.73517
       576        -17587.82806       16466.85420       -1120.97386
       577        -17587.82806       16512.69482       -1075.13324
       578        -17587.82806       16558.61476       -1029.21331
       579        -17587.82806       16604.61401        -983.21406
       580        -17587.82806       16650.69257        -937.13549
       581        -17587.82806       16696.85045        -890.97761
       582        -17587.82806       16743.08765        -844.74042
       583        -17587.82806       16789.40416        -798.42391
       584        -17587.82806       16835.79998        -752.02808
       585        -17587.82806       16882.27512        -705.55295
       586        -17587.82806       16928.82957        -658.99849
       587        -17587.82806       16975.46334        -612.36472
       588        -17587.82806       17022.17642        -565.65164
       589        -17587.82806       17068.96882        -518.85924
       590        -17587.82806       17115.84054        -471.98753
       591        -17587.82806       17162.79156        -425.03650
       592        -17587.82806       17209.82191        -378.00616
       593        -17587.82806       17256.93157        -330.89650
       594        -17587.82806       17304.12054        -283.70753
       595        -17587.82806       17351.38883        -236.43924
       596        -17587.82806       17398.73643        -189.09164
       597        -17587.82806       17446.16335        -141.66472
       598        -17587.82806       17493.66958         -94.15849
       599        -17587.82806       17541.25513         -46.57294
       600        -17587.82806       17588.91999           1.09192
Total MD runtime (sec):         3.16
