                               No. of Molecules =     1600
                      No. of Atoms per Molecule =        1
                                      Time Step =          1.0000
                                No. of MD Steps =      600
                            Desired Temperature =         85.0000
                                     Box Length =         42.3212
                          LJ Params: eps, sigma =          0.2381         3.4050
                                         Cutoff =         10.0000
                                           Mass =         39.9480

Temperature is set to       85.000
Step           PE              KE              TE
         1         -2207.83784         405.10436       -1802.73348
         2         -2207.83784         405.08000       -1802.75784
         3         -2207.83784         405.06581       -1802.77203
         4         -2207.83784         405.06180       -1802.77604
         5         -2207.83784         405.06795       -1802.76989
         6         -2207.83784         405.08428       -1802.75356
         7         -2207.83784         405.11079       -1802.72705
         8         -2207.83784         405.14746       -1802.69038
         9         -2207.83784         405.19431       -1802.64353
        10         -2207.83784         405.25134       -1802.58651
        11         -2207.83784         405.31853       -1802.51931
        12         -2207.83784         405.39590       -1802.44194
        13         -2207.83784         405.48344       -1802.35440
        14         -2207.83784         405.58115       -1802.25669
        15         -2207.83784         405.68904       -1802.14880
        16         -2207.83784         405.80710       -1802.03074
        17         -2207.83784         405.93533       -1801.90251
        18         -2207.83784         406.07374       -1801.76410
        19         -2207.83784         406.22232       -1801.61552
        20         -2207.83784         406.38107       -1801.45677
        21         -2207.83784         406.54999       -1801.28785
        22         -2207.83784         406.72909       -1801.10875
        23         -2207.83784         406.91836       -1800.91948
        24         -2207.83784         407.11780       -1800.72004
        25         -2207.83784         407.32742       -1800.51042
        26         -2207.83784         407.54721       -1800.29063
        27         -2207.83784         407.77717       -1800.06067
        28         -2207.83784         408.01730       -1799.82054
        29         -2207.83784         408.26761       -1799.57023
        30         -2207.83784         408.52809       -1799.30975
        31         -2207.83784         408.79874       -1799.03910
        32         -2207.83784         409.07957       -1798.75827
        33         -2207.83784         409.37057       -1798.46727
        34         -2207.83784         409.67174       -1798.16610
        35         -2207.83784         409.98309       -1797.85475
        36         -2207.83784         410.30461       -1797.53324
        37         -2207.83784         410.63630       -1797.20154
        38         -2207.83784         410.97816       -1796.85968
        39         -2207.83784         411.33020       -1796.50764
        40         -2207.83784         411.69241       -1796.14543
        41         -2207.83784         412.06479       -1795.77305
        42         -2207.83784         412.44735       -1795.39050
        43         -2207.83784         412.84007       -1794.99777
        44         -2207.83784         413.24298       -1794.59487
        45         -2207.83784         413.65605       -1794.18179
        46         -2207.83784         414.07930       -1793.75854
        47         -2207.83784         414.51272       -1793.32512
        48         -2207.83784         414.95631       -1792.88153
        49         -2207.83784         415.41008       -1792.42776
        50         -2207.83784         415.87402       -1791.96383
        51         -2207.83784         416.34813       -1791.48971
        52         -2207.83784         416.83241       -1791.00543
        53         -2207.83784         417.32687       -1790.51097
        54         -2207.83784         417.83150       -1790.00634
        55         -2207.83784         418.34630       -1789.49154
        56         -2207.83784         418.87128       -1788.96656
        57         -2207.83784         419.40643       -1788.43141
        58         -2207.83784         419.95175       -1787.88609
        59         -2207.83784         420.50725       -1787.33059
        60         -2207.83784         421.07291       -1786.76493
        61         -2207.83784         421.64876       -1786.18909
        62         -2207.83784         422.23477       -1785.60307
        63         -2207.83784         422.83096       -1785.00688
        64         -2207.83784         423.43732       -1784.40052
        65         -2207.83784         424.05385       -1783.78399
        66         -2207.83784         424.68056       -1783.15729
        67         -2207.83784         425.31743       -1782.52041
        68         -2207.83784         425.96449       -1781.87336
        69         -2207.83784         426.62171       -1781.21613
        70         -2207.83784         427.28911       -1780.54873
        71         -2207.83784         427.96668       -1779.87116
        72         -2207.83784         428.65442       -1779.18342
        73         -2207.83784         429.35234       -1778.48550
        74         -2207.83784         430.06043       -1777.77742
        75         -2207.83784         430.77869       -1777.05915
        76         -2207.83784         431.50712       -1776.33072
        77         -2207.83784         432.24573       -1775.59211
        78         -2207.83784         432.99451       -1774.84333
        79         -2207.83784         433.75346       -1774.08438
        80         -2207.83784         434.52259       -1773.31525
        81         -2207.83784         435.30189       -1772.53595
        82         -2207.83784         436.09136       -1771.74648
        83         -2207.83784         436.89101       -1770.94683
        84         -2207.83784         437.70083       -1770.13702
        85         -2207.83784         438.52082       -1769.31702
        86         -2207.83784         439.35098       -1768.48686
        87         -2207.83784         440.19132       -1767.64652
        88         -2207.83784         441.04183       -1766.79601
        89         -2207.83784         441.90251       -1765.93533
        90         -2207.83784         442.77337       -1765.06447
        91         -2207.83784         443.65440       -1764.18345
        92         -2207.83784         444.54560       -1763.29224
        93         -2207.83784         445.44697       -1762.39087
        94         -2207.83784         446.35852       -1761.47932
        95         -2207.83784         447.28024       -1760.55760
        96         -2207.83784         448.21213       -1759.62571
        97         -2207.83784         449.15420       -1758.68364
        98         -2207.83784         450.10644       -1757.73140
        99         -2207.83784         451.06885       -1756.76899
       100         -2207.83784         452.04143       -1755.79641
       101         -2207.83784         453.02419       -1754.81365
       102         -2207.83784         454.01712       -1753.82072
       103         -2207.83784         455.02023       -1752.81761
       104         -2207.83784         456.03350       -1751.80434
       105         -2207.83784         457.05695       -1750.78089
       106         -2207.83784         458.09058       -1749.74727
       107         -2207.83784         459.13437       -1748.70347
       108         -2207.83784         460.18834       -1747.64950
       109         -2207.83784         461.25248       -1746.58536
       110         -2207.83784         462.32679       -1745.51105
       111         -2207.83784         463.41128       -1744.42656
       112         -2207.83784         464.50594       -1743.33190
       113         -2207.83784         465.61077       -1742.22707
       114         -2207.83784         466.72578       -1741.11206
       115         -2207.83784         467.85096       -1739.98688
       116         -2207.83784         468.98631       -1738.85153
       117         -2207.83784         470.13183       -1737.70601
       118         -2207.83784         471.28753       -1736.55031
       119         -2207.83784         472.45340       -1735.38444
       120         -2207.83784         473.62945       -1734.20840
       121         -2207.83784         474.81566       -1733.02218
       122         -2207.83784         476.01205       -1731.82579
       123         -2207.83784         477.21861       -1730.61923
       124         -2207.83784         478.43535       -1729.40249
       125         -2207.83784         479.66226       -1728.17558
       126         -2207.83784         480.89934       -1726.93850
       127         -2207.83784         482.14659       -1725.69125
       128         -2207.83784         483.40402       -1724.43382
       129         -2207.83784         484.67162       -1723.16622
       130         -2207.83784         485.94939       -1721.88845
       131         -2207.83784         487.23734       -1720.60051
       132         -2207.83784         488.53545       -1719.30239
       133         -2207.83784         489.84375       -1717.99410
       134         -2207.83784         491.16221       -1716.67563
       135         -2207.83784         492.49085       -1715.34699
       136         -2207.83784         493.82966       -1714.00818
       137         -2207.83784         495.17864       -1712.65920
       138         -2207.83784         496.53780       -1711.30005
       139         -2207.83784         497.90712       -1709.93072
       140         -2207.83784         499.28663       -1708.55122
       141         -2207.83784         500.67630       -1707.16154
       142         -2207.83784         502.07615       -1705.76169
       143         -2207.83784         503.48617       -1704.35167
       144         -2207.83784         504.90636       -1702.93148
       145         -2207.83784         506.33673       -1701.50111
       146         -2207.83784         507.77727       -1700.06057
       147         -2207.83784         509.22798       -1698.60986
       148         -2207.83784         510.68886       -1697.14898
       149         -2207.83784         512.15992       -1695.67792
       150         -2207.83784         513.64115       -1694.19669
       151         -2207.83784         515.13256       -1692.70528
       152         -2207.83784         516.63413       -1691.20371
       153         -2207.83784         518.14588       -1689.69196
       154         -2207.83784         519.66781       -1688.17003
       155         -2207.83784         521.19990       -1686.63794
       156         -2207.83784         522.74217       -1685.09567
       157         -2207.83784         524.29461       -1683.54323
       158         -2207.83784         525.85723       -1681.98062
       159         -2207.83784         527.43001       -1680.40783
       160         -2207.83784         529.01297       -1678.82487
       161         -2207.83784         530.60611       -1677.23173
       162         -2207.83784         532.20941       -1675.62843
       163         -2207.83784         533.82289       -1674.01495
       164         -2207.83784         535.44654       -1672.39130
       165         -2207.83784         537.08037       -1670.75747
       166         -2207.83784         538.72437       -1669.11348
       167         -2207.83784         540.37854       -1667.45931
       168         -2207.83784         542.04288       -1665.79496
       169         -2207.83784         543.71740       -1664.12045
       170         -2207.83784         545.40209       -1662.43576
       171         -2207.83784         547.09695       -1660.74089
       172         -2207.83784         548.80198       -1659.03586
       173         -2207.83784         550.51719       -1657.32065
       174         -2207.83784         552.24257       -1655.59527
       175         -2207.83784         553.97813       -1653.85972
       176         -2207.83784         555.72385       -1652.11399
       177         -2207.83784         557.47975       -1650.35809
       178         -2207.83784         559.24582       -1648.59202
       179         -2207.83784         561.02207       -1646.81577
       180         -2207.83784         562.80849       -1645.02935
       181         -2207.83784         564.60508       -1643.23276
       182         -2207.83784         566.41184       -1641.42600
       183         -2207.83784         568.22878       -1639.60906
       184         -2207.83784         570.05589       -1637.78195
       185         -2207.83784         571.89318       -1635.94467
       186         -2207.83784         573.74063       -1634.09721
       187         -2207.83784         575.59826       -1632.23958
       188         -2207.83784         577.46606       -1630.37178
       189         -2207.83784         579.34404       -1628.49380
       190         -2207.83784         581.23218       -1626.60566
       191         -2207.83784         583.13051       -1624.70734
       192         -2207.83784         585.03900       -1622.79884
       193         -2207.83784         586.95767       -1620.88018
       194         -2207.83784         588.88651       -1618.95134
       195         -2207.83784         590.82552       -1617.01232
       196         -2207.83784         592.77470       -1615.06314
       197         -2207.83784         594.73406       -1613.10378
       198         -2207.83784         596.70359       -1611.13425
       199         -2207.83784         598.68330       -1609.15455
       200         -2207.83784         600.67317       -1607.16467
       201         -2207.83784         602.67322       -1605.16462
       202         -2207.83784         604.68345       -1603.15440
       203         -2207.83784         606.70384       -1601.13400
       204         -2207.83784         608.73441       -1599.10343
       205         -2207.83784         610.77515       -1597.06269
       206         -2207.83784         612.82607       -1595.01178
       207         -2207.83784         614.88715       -1592.95069
       208         -2207.83784         616.95841       -1590.87943
       209         -2207.83784         619.03985       -1588.79799
       210         -2207.83784         621.13145       -1586.70639
       211         -2207.83784         623.23323       -1584.60461
       212         -2207.83784         625.34518       -1582.49266
       213         -2207.83784         627.46731       -1580.37053
       214         -2207.83784         629.59961       -1578.23823
       215         -2207.83784         631.74208       -1576.09576
       216         -2207.83784         633.89472       -1573.94312
       217         -2207.83784         636.05754       -1571.78030
       218         -2207.83784         638.23053       -1569.60731
       219         -2207.83784         640.41369       -1567.42415
       220         -2207.83784         642.60702       -1565.23082
       221         -2207.83784         644.81053       -1563.02731
       222         -2207.83784         647.02421       -1560.81363
       223         -2207.83784         649.24807       -1558.58977
       224         -2207.83784         651.48209       -1556.35575
       225         -2207.83784         653.72629       -1554.11155
       226         -2207.83784         655.98067       -1551.85717
       227         -2207.83784         658.24521       -1549.59263
       228         -2207.83784         660.51993       -1547.31791
       229         -2207.83784         662.80482       -1545.03302
       230         -2207.83784         665.09989       -1542.73795
       231         -2207.83784         667.40513       -1540.43272
       232         -2207.83784         669.72054       -1538.11731
       233         -2207.83784         672.04612       -1535.79172
       234         -2207.83784         674.38188       -1533.45597
       235         -2207.83784         676.72780       -1531.11004
       236         -2207.83784         679.08391       -1528.75393
       237         -2207.83784         681.45018       -1526.38766
       238         -2207.83784         683.82663       -1524.01121
       239         -2207.83784         686.21325       -1521.62459
       240         -2207.83784         688.61004       -1519.22780
       241         -2207.83784         691.01701       -1516.82083
       242         -2207.83784         693.43415       -1514.40369
       243         -2207.83784         695.86146       -1511.97638
       244         -2207.83784         698.29895       -1509.53889
       245         -2207.83784         700.74661       -1507.09123
       246         -2207.83784         703.20444       -1504.63340
       247         -2207.83784         705.67244       -1502.16540
       248         -2207.83784         708.15062       -1499.68722
       249         -2207.83784         710.63897       -1497.19887
       250         -2207.83784         713.13749       -1494.70035
       251         -2207.83784         715.64619       -1492.19165
       252         -2207.83784         718.16506       -1489.67278
       253         -2207.83784         720.69410       -1487.14374
       254         -2207.83784         723.23331       -1484.60453
       255         -2207.83784         725.78270       -1482.05514
       256         -2207.83784         728.34226       -1479.49558
       257         -2207.83784         730.91199       -1476.92585
       258         -2207.83784         733.49190       -1474.34594
       259         -2207.83784         736.08198       -1471.75586
       260         -2207.83784         738.68223       -1469.15561
       261         -2207.83784         741.29266       -1466.54518
       262         -2207.83784         743.91325       -1463.92459
       263         -2207.83784         746.54403       -1461.29382
       264         -2207.83784         749.18497       -1458.65287
       265         -2207.83784         751.83609       -1456.00175
       266         -2207.83784         754.49738       -1453.34047
       267         -2207.83784         757.16884       -1450.66900
       268         -2207.83784         759.85047       -1447.98737
       269         -2207.83784         762.54228       -1445.29556
       270         -2207.83784         765.24426       -1442.59358
       271         -2207.83784         767.95642       -1439.88142
       272         -2207.83784         770.67875       -1437.15910
       273         -2207.83784         773.41125       -1434.42660
       274         -2207.83784         776.15392       -1431.68392
       275         -2207.83784         778.90676       -1428.93108
       276         -2207.83784         781.66978       -1426.16806
       277         -2207.83784         784.44297       -1423.39487
       278         -2207.83784         787.22634       -1420.61150
       279         -2207.83784         790.01988       -1417.81796
       280         -2207.83784         792.82359       -1415.01425
       281         -2207.83784         795.63747       -1412.20037
       282         -2207.83784         798.46153       -1409.37631
       283         -2207.83784         801.29576       -1406.54208
       284         -2207.83784         804.14016       -1403.69768
       285         -2207.83784         806.99473       -1400.84311
       286         -2207.83784         809.85948       -1397.97836
       287         -2207.83784         812.73440       -1395.10344
       288         -2207.83784         815.61950       -1392.21834
       289         -2207.83784         818.51476       -1389.32308
       290         -2207.83784         821.42020       -1386.41764
       291         -2207.83784         824.33582       -1383.50203
       292         -2207.83784         827.26160       -1380.57624
       293         -2207.83784         830.19756       -1377.64028
       294         -2207.83784         833.14369       -1374.69415
       295         -2207.83784         836.10000       -1371.73785
       296         -2207.83784         839.06647       -1368.77137
       297         -2207.83784         842.04312       -1365.79472
       298         -2207.83784         845.02995       -1362.80789
       299         -2207.83784         848.02694       -1359.81090
       300         -2207.83784         851.03411       -1356.80373
       301         -2207.83784         854.05145       -1353.78639
       302         -2207.83784         857.07897       -1350.75887
       303         -2207.83784         860.11666       -1347.72119
       304         -2207.83784         863.16452       -1344.67333
       305         -2207.83784         866.22255       -1341.61529
       306         -2207.83784         869.29076       -1338.54709
       307         -2207.83784         872.36914       -1335.46871
       308         -2207.83784         875.45769       -1332.38015
       309         -2207.83784         878.55641       -1329.28143
       310         -2207.83784         881.66531       -1326.17253
       311         -2207.83784         884.78438       -1323.05346
       312         -2207.83784         887.91363       -1319.92422
       313         -2207.83784         891.05304       -1316.78480
       314         -2207.83784         894.20263       -1313.63521
       315         -2207.83784         897.36240       -1310.47545
       316         -2207.83784         900.53233       -1307.30551
       317         -2207.83784         903.71244       -1304.12540
       318         -2207.83784         906.90272       -1300.93512
       319         -2207.83784         910.10318       -1297.73467
       320         -2207.83784         913.31380       -1294.52404
       321         -2207.83784         916.53460       -1291.30324
       322         -2207.83784         919.76558       -1288.07226
       323         -2207.83784         923.00672       -1284.83112
       324         -2207.83784         926.25804       -1281.57980
       325         -2207.83784         929.51953       -1278.31831
       326         -2207.83784         932.79120       -1275.04664
       327         -2207.83784         936.07304       -1271.76481
       328         -2207.83784         939.36505       -1268.47279
       329         -2207.83784         942.66723       -1265.17061
       330         -2207.83784         945.97959       -1261.85825
       331         -2207.83784         949.30212       -1258.53573
       332         -2207.83784         952.63482       -1255.20302
       333         -2207.83784         955.97769       -1251.86015
       334         -2207.83784         959.33074       -1248.50710
       335         -2207.83784         962.69396       -1245.14388
       336         -2207.83784         966.06736       -1241.77048
       337         -2207.83784         969.45092       -1238.38692
       338         -2207.83784         972.84466       -1234.99318
       339         -2207.83784         976.24858       -1231.58926
       340         -2207.83784         979.66266       -1228.17518
       341         -2207.83784         983.08692       -1224.75092
       342         -2207.83784         986.52135       -1221.31649
       343         -2207.83784         989.96596       -1217.87188
       344         -2207.83784         993.42073       -1214.41711
       345         -2207.83784         996.88568       -1210.95216
       346         -2207.83784        1000.36081       -1207.47703
       347         -2207.83784        1003.84610       -1203.99174
       348         -2207.83784        1007.34157       -1200.49627
       349         -2207.83784        1010.84722       -1196.99063
       350         -2207.83784        1014.36303       -1193.47481
       351         -2207.83784        1017.88902       -1189.94882
       352         -2207.83784        1021.42518       -1186.41266
       353         -2207.83784        1024.97151       -1182.86633
       354         -2207.83784        1028.52802       -1179.30982
       355         -2207.83784        1032.09470       -1175.74314
       356         -2207.83784        1035.67155       -1172.16629
       357         -2207.83784        1039.25858       -1168.57926
       358         -2207.83784        1042.85577       -1164.98207
       359         -2207.83784        1046.46315       -1161.37470
       360         -2207.83784        1050.08069       -1157.75715
       361         -2207.83784        1053.70841       -1154.12943
       362         -2207.83784        1057.34630       -1150.49154
       363         -2207.83784        1060.99436       -1146.84348
       364         -2207.83784        1064.65260       -1143.18525
       365         -2207.83784        1068.32100       -1139.51684
       366         -2207.83784        1071.99959       -1135.83826
       367         -2207.83784        1075.68834       -1132.14950
       368         -2207.83784        1079.38727       -1128.45057
       369         -2207.83784        1083.09637       -1124.74147
       370         -2207.83784        1086.81564       -1121.02220
       371         -2207.83784        1090.54509       -1117.29275
       372         -2207.83784        1094.28471       -1113.55313
       373         -2207.83784        1098.03450       -1109.80334
       374         -2207.83784        1101.79446       -1106.04338
       375         -2207.83784        1105.56460       -1102.27324
       376         -2207.83784        1109.34491       -1098.49293
       377         -2207.83784        1113.13540       -1094.70244
       378         -2207.83784        1116.93605       -1090.90179
       379         -2207.83784        1120.74688       -1087.09096
       380         -2207.83784        1124.56789       -1083.26996
       381         -2207.83784        1128.39906       -1079.43878
       382         -2207.83784        1132.24041       -1075.59743
       383         -2207.83784        1136.09193       -1071.74591
       384         -2207.83784        1139.95362       -1067.88422
       385         -2207.83784        1143.82549       -1064.01235
       386         -2207.83784        1147.70753       -1060.13031
       387         -2207.83784        1151.59975       -1056.23810
       388         -2207.83784        1155.50213       -1052.33571
       389         -2207.83784        1159.41469       -1048.42315
       390         -2207.83784        1163.33742       -1044.50042
       391         -2207.83784        1167.27033       -1040.56752
       392         -2207.83784        1171.21340       -1036.62444
       393         -2207.83784        1175.16665       -1032.67119
       394         -2207.83784        1179.13008       -1028.70776
       395         -2207.83784        1183.10367       -1024.73417
       396         -2207.83784        1187.08744       -1020.75040
       397         -2207.83784        1191.08139       -1016.75646
       398         -2207.83784        1195.08550       -1012.75234
       399         -2207.83784        1199.09979       -1008.73805
       400         -2207.83784        1203.12425       -1004.71359
       401         -2207.83784        1207.15888       -1000.67896
       402         -2207.83784        1211.20369        -996.63415
       403         -2207.83784        1215.25867        -992.57917
       404         -2207.83784        1219.32382        -988.51402
       405         -2207.83784        1223.39915        -984.43869
       406         -2207.83784        1227.48465        -980.35320
       407         -2207.83784        1231.58032        -976.25752
       408         -2207.83784        1235.68616        -972.15168
       409         -2207.83784        1239.80218        -968.03566
       410         -2207.83784        1243.92837        -963.90947
       411         -2207.83784        1248.06473        -959.77311
       412         -2207.83784        1252.21127        -955.62657
       413         -2207.83784        1256.36798        -951.46986
       414         -2207.83784        1260.53486        -947.30298
       415         -2207.83784        1264.71191        -943.12593
       416         -2207.83784        1268.89914        -938.93870
       417         -2207.83784        1273.09654        -934.74130
       418         -2207.83784        1277.30412        -930.53373
       419         -2207.83784        1281.52186        -926.31598
       420         -2207.83784        1285.74978        -922.08806
       421         -2207.83784        1289.98787        -917.84997
       422         -2207.83784        1294.23614        -913.60170
       423         -2207.83784        1298.49458        -909.34326
       424         -2207.83784        1302.76319        -905.07465
       425         -2207.83784        1307.04197        -900.79587
       426         -2207.83784        1311.33093        -896.50691
       427         -2207.83784        1315.63006        -892.20778
       428         -2207.83784        1319.93936        -887.89848
       429         -2207.83784        1324.25884        -883.57900
       430         -2207.83784        1328.58848        -879.24936
       431         -2207.83784        1332.92831        -874.90953
       432         -2207.83784        1337.27830        -870.55954
       433         -2207.83784        1341.63847        -866.19937
       434         -2207.83784        1346.00881        -861.82903
       435         -2207.83784        1350.38932        -857.44852
       436         -2207.83784        1354.78001        -853.05783
       437         -2207.83784        1359.18087        -848.65698
       438         -2207.83784        1363.59190        -844.24594
       439         -2207.83784        1368.01310        -839.82474
       440         -2207.83784        1372.44448        -835.39336
       441         -2207.83784        1376.88603        -830.95181
       442         -2207.83784        1381.33775        -826.50009
       443         -2207.83784        1385.79965        -822.03819
       444         -2207.83784        1390.27172        -817.56612
       445         -2207.83784        1394.75396        -813.08388
       446         -2207.83784        1399.24638        -808.59146
       447         -2207.83784        1403.74897        -804.08887
       448         -2207.83784        1408.26173        -799.57611
       449         -2207.83784        1412.78466        -795.05318
       450         -2207.83784        1417.31777        -790.52007
       451         -2207.83784        1421.86105        -785.97679
       452         -2207.83784        1426.41450        -781.42334
       453         -2207.83784        1430.97813        -776.85971
       454         -2207.83784        1435.55193        -772.28592
       455         -2207.83784        1440.13590        -767.70194
       456         -2207.83784        1444.73004        -763.10780
       457         -2207.83784        1449.33436        -758.50348
       458         -2207.83784        1453.94885        -753.88899
       459         -2207.83784        1458.57351        -749.26433
       460         -2207.83784        1463.20835        -744.62949
       461         -2207.83784        1467.85336        -739.98448
       462         -2207.83784        1472.50854        -735.32930
       463         -2207.83784        1477.17389        -730.66395
       464         -2207.83784        1481.84942        -725.98842
       465         -2207.83784        1486.53512        -721.30272
       466         -2207.83784        1491.23100        -716.60684
       467         -2207.83784        1495.93704        -711.90080
       468         -2207.83784        1500.65326        -707.18458
       469         -2207.83784        1505.37965        -702.45819
       470         -2207.83784        1510.11622        -697.72162
       471         -2207.83784        1514.86296        -692.97488
       472         -2207.83784        1519.61987        -688.21797
       473         -2207.83784        1524.38695        -683.45089
       474         -2207.83784        1529.16421        -678.67363
       475         -2207.83784        1533.95164        -673.88620
       476         -2207.83784        1538.74924        -669.08860
       477         -2207.83784        1543.55702        -664.28082
       478         -2207.83784        1548.37497        -659.46287
       479         -2207.83784        1553.20309        -654.63475
       480         -2207.83784        1558.04138        -649.79646
       481         -2207.83784        1562.88985        -644.94799
       482         -2207.83784        1567.74849        -640.08935
       483         -2207.83784        1572.61730        -635.22054
       484         -2207.83784        1577.49629        -630.34155
       485         -2207.83784        1582.38545        -625.45239
       486         -2207.83784        1587.28478        -620.55306
       487         -2207.83784        1592.19429        -615.64355
       488         -2207.83784        1597.11396        -610.72388
       489         -2207.83784        1602.04382        -605.79403
       490         -2207.83784        1606.98384        -600.85400
       491         -2207.83784        1611.93404        -595.90380
       492         -2207.83784        1616.89441        -590.94344
       493         -2207.83784        1621.86495        -585.97289
       494         -2207.83784        1626.84566        -580.99218
       495         -2207.83784        1631.83655        -576.00129
       496         -2207.83784        1636.83761        -571.00023
       497         -2207.83784        1641.84885        -565.98899
       498         -2207.83784        1646.87025        -560.96759
       499         -2207.83784        1651.90183        -555.93601
       500         -2207.83784        1656.94359        -550.89425
       501         -2207.83784        1661.99551        -545.84233
       502         -2207.83784        1667.05761        -540.78023
       503         -2207.83784        1672.12988        -535.70796
       504         -2207.83784        1677.21233        -530.62551
       505         -2207.83784        1682.30495        -525.53290
       506         -2207.83784        1687.40774        -520.43010
       507         -2207.83784        1692.52070        -515.31714
       508         -2207.83784        1697.64384        -510.19401
       509         -2207.83784        1702.77714        -505.06070
       510         -2207.83784        1707.92063        -499.91721
       511         -2207.83784        1713.07428        -494.76356
       512         -2207.83784        1718.23811        -489.59973
       513         -2207.83784        1723.41211        -484.42573
       514         -2207.83784        1728.59628        -479.24156
       515         -2207.83784        1733.79063        -474.04721
       516         -2207.83784        1738.99515        -468.84269
       517         -2207.83784        1744.20984        -463.62800
       518         -2207.83784        1749.43471        -458.40313
       519         -2207.83784        1754.66975        -453.16809
       520         -2207.83784        1759.91496        -447.92288
       521         -2207.83784        1765.17034        -442.66750
       522         -2207.83784        1770.43590        -437.40194
       523         -2207.83784        1775.71163        -432.12621
       524         -2207.83784        1780.99753        -426.84031
       525         -2207.83784        1786.29361        -421.54423
       526         -2207.83784        1791.59986        -416.23798
       527         -2207.83784        1796.91628        -410.92156
       528         -2207.83784        1802.24287        -405.59497
       529         -2207.83784        1807.57964        -400.25820
       530         -2207.83784        1812.92658        -394.91126
       531         -2207.83784        1818.28370        -389.55415
       532         -2207.83784        1823.65098        -384.18686
       533         -2207.83784        1829.02844        -378.80940
       534         -2207.83784        1834.41607        -373.42177
       535         -2207.83784        1839.81388        -368.02396
       536         -2207.83784        1845.22186        -362.61598
       537         -2207.83784        1850.64001        -357.19783
       538         -2207.83784        1856.06833        -351.76951
       539         -2207.83784        1861.50683        -346.33101
       540         -2207.83784        1866.95550        -340.88234
       541         -2207.83784        1872.41434        -335.42350
       542         -2207.83784        1877.88336        -329.95448
       543         -2207.83784        1883.36255        -324.47530
       544         -2207.83784        1888.85191        -318.98593
       545         -2207.83784        1894.35144        -313.48640
       546         -2207.83784        1899.86115        -307.97669
       547         -2207.83784        1905.38103        -302.45681
       548         -2207.83784        1910.91108        -296.92676
       549         -2207.83784        1916.45131        -291.38653
       550         -2207.83784        1922.00171        -285.83613
       551         -2207.83784        1927.56228        -280.27556
       552         -2207.83784        1933.13302        -274.70482
       553         -2207.83784        1938.71394        -269.12390
       554         -2207.83784        1944.30503        -263.53281
       555         -2207.83784        1949.90629        -257.93155
       556         -2207.83784        1955.51773        -252.32011
       557         -2207.83784        1961.13934        -246.69850
       558         -2207.83784        1966.77112        -241.06672
       559         -2207.83784        1972.41308        -235.42476
       560         -2207.83784        1978.06521        -229.77264
       561         -2207.83784        1983.72751        -224.11033
       562         -2207.83784        1989.39998        -218.43786
       563         -2207.83784        1995.08263        -212.75521
       564         -2207.83784        2000.77545        -207.06239
       565         -2207.83784        2006.47844        -201.35940
       566         -2207.83784        2012.19161        -195.64624
       567         -2207.83784        2017.91494        -189.92290
       568         -2207.83784        2023.64846        -184.18939
       569         -2207.83784        2029.39214        -178.44570
       570         -2207.83784        2035.14600        -172.69184
       571         -2207.83784        2040.91003        -166.92781
       572         -2207.83784        2046.68423        -161.15361
       573         -2207.83784        2052.46861        -155.36923
       574         -2207.83784        2058.26316        -149.57468
       575         -2207.83784        2064.06788        -143.76996
       576         -2207.83784        2069.88277        -137.95507
       577         -2207.83784        2075.70784        -132.13000
       578         -2207.83784        2081.54308        -126.29476
       579         -2207.83784        2087.38850        -120.44935
       580         -2207.83784        2093.24408        -114.59376
       581         -2207.83784        2099.10984        -108.72800
       582         -2207.83784        2104.98577        -102.85207
       583         -2207.83784        2110.87188         -96.96596
       584         -2207.83784        2116.76816         -91.06968
       585         -2207.83784        2122.67461         -85.16323
       586         -2207.83784        2128.59123         -79.24661
       587         -2207.83784        2134.51803         -73.31981
       588         -2207.83784        2140.45500         -67.38284
       589         -2207.83784        2146.40214         -61.43570
       590         -2207.83784        2152.35946         -55.47838
       591         -2207.83784        2158.32695         -49.51090
       592         -2207.83784        2164.30461         -43.53323
       593         -2207.83784        2170.29244         -37.54540
       594         -2207.83784        2176.29045         -31.54739
       595         -2207.83784        2182.29863         -25.53921
       596         -2207.83784        2188.31698         -19.52086
       597         -2207.83784        2194.34551         -13.49233
       598         -2207.83784        2200.38421          -7.45363
       599         -2207.83784        2206.43308          -1.40476
       600         -2207.83784        2212.49213           4.65428
Total MD runtime (sec):         0.34
