     :-) GROMACS - gmx mdrun, 2021.4-Ubuntu-2021.4-2 (double precision) (-:

                            GROMACS is written by:
     Andrey Alekseenko              Emile Apol              Rossen Apostolov     
         Paul Bauer           Herman J.C. Berendsen           Par Bjelkmar       
       Christian Blau           Viacheslav Bolnykh             Kevin Boyd        
     Aldert van Buuren           Rudi van Drunen             Anton Feenstra      
    Gilles Gouaillardet             Alan Gray               Gerrit Groenhof      
       Anca Hamuraru            Vincent Hindriksen          M. Eric Irrgang      
      Aleksei Iupinov           Christoph Junghans             Joe Jordan        
    Dimitrios Karkoulis            Peter Kasson                Jiri Kraus        
      Carsten Kutzner              Per Larsson              Justin A. Lemkul     
       Viveca Lindahl            Magnus Lundborg             Erik Marklund       
        Pascal Merz             Pieter Meulenhoff            Teemu Murtola       
        Szilard Pall               Sander Pronk              Roland Schulz       
       Michael Shirts            Alexey Shvetsov             Alfons Sijbers      
       Peter Tieleman              Jon Vincent              Teemu Virolainen     
     Christian Wennberg            Maarten Wolf              Artem Zhmurov       
                           and the project leaders:
        Mark Abraham, Berk Hess, Erik Lindahl, and David van der Spoel

Copyright (c) 1991-2000, University of Groningen, The Netherlands.
Copyright (c) 2001-2019, The GROMACS development team at
Uppsala University, Stockholm University and
the Royal Institute of Technology, Sweden.
check out http://www.gromacs.org for more information.

GROMACS is free software; you can redistribute it and/or modify it
under the terms of the GNU Lesser General Public License
as published by the Free Software Foundation; either version 2.1
of the License, or (at your option) any later version.

GROMACS:      gmx mdrun, version 2021.4-Ubuntu-2021.4-2 (double precision)
Executable:   /usr/bin/gmx_d
Data prefix:  /usr
Working dir:  /home/arkaps/work/GROMACS/gromacs_files_and_ppt/bulk_salt_solution/nvt
Process ID:   733410
Command line:
  gmx_d mdrun -ntomp 8 -v -deffnm nvt

GROMACS version:    2021.4-Ubuntu-2021.4-2
Precision:          double
Memory model:       64 bit
MPI library:        thread_mpi
OpenMP support:     enabled (GMX_OPENMP_MAX_THREADS = 64)
GPU support:        disabled
SIMD instructions:  SSE4.1
FFT library:        fftw-3.3.8-sse2-avx
RDTSCP usage:       enabled
TNG support:        enabled
Hwloc support:      hwloc-2.5.0
Tracing support:    disabled
C compiler:         /usr/bin/cc GNU 11.2.0
C compiler flags:   -msse4.1 -Wno-missing-field-initializers -fexcess-precision=fast -funroll-all-loops -O3 -DNDEBUG
C++ compiler:       /usr/bin/c++ GNU 11.2.0
C++ compiler flags: -msse4.1 -Wno-missing-field-initializers -fexcess-precision=fast -funroll-all-loops -fopenmp -O3 -DNDEBUG


Running on 1 node with total 24 cores, 32 logical cores
Hardware detected:
  CPU info:
    Vendor: Intel
    Brand:  13th Gen Intel(R) Core(TM) i9-13900
    Family: 6   Model: 183   Stepping: 1
    Features: aes apic avx avx2 clfsh cmov cx8 cx16 f16c fma htt intel lahf mmx msr nonstop_tsc pcid pclmuldq pdcm pdpe1gb popcnt pse rdrnd rdtscp sha sse2 sse3 sse4.1 sse4.2 ssse3 tdt x2apic
  Hardware topology: Full, with devices
    Sockets, cores, and logical processors:
      Socket  0: [   0   1] [   2   3] [   4   5] [   6   7] [   8   9] [  10  11] [  12  13] [  14  15] [  16] [  17] [  18] [  19] [  20] [  21] [  22] [  23] [  24] [  25] [  26] [  27] [  28] [  29] [  30] [  31]
    Numa nodes:
      Node  0 (33322926080 bytes mem):   0   1   2   3   4   5   6   7   8   9  10  11  12  13  14  15  16  17  18  19  20  21  22  23  24  25  26  27  28  29  30  31
      Latency:
               0
         0  1.00
    Caches:
      L1: 49152 bytes, linesize 64 bytes, assoc. 12, shared 2 ways
      L2: 2097152 bytes, linesize 64 bytes, assoc. 16, shared 2 ways
      L3: 37748736 bytes, linesize 64 bytes, assoc. 12, shared 32 ways
    PCI devices:
      0000:00:02.0  Id: 8086:a780  Class: 0x0300  Numa: 0
      0000:00:0e.0  Id: 8086:a77f  Class: 0x0104  Numa: 0
      0000:00:1f.6  Id: 8086:1a1c  Class: 0x0200  Numa: 0

Highest SIMD level supported by all nodes in run: AVX2_256
SIMD instructions selected at compile time:       SSE4.1
This program was compiled for different hardware than you are running on,
which could influence performance.

++++ PLEASE READ AND CITE THE FOLLOWING REFERENCE ++++
M. J. Abraham, T. Murtola, R. Schulz, S. Páll, J. C. Smith, B. Hess, E.
Lindahl
GROMACS: High performance molecular simulations through multi-level
parallelism from laptops to supercomputers
SoftwareX 1 (2015) pp. 19-25
-------- -------- --- Thank You --- -------- --------


++++ PLEASE READ AND CITE THE FOLLOWING REFERENCE ++++
S. Páll, M. J. Abraham, C. Kutzner, B. Hess, E. Lindahl
Tackling Exascale Software Challenges in Molecular Dynamics Simulations with
GROMACS
In S. Markidis & E. Laure (Eds.), Solving Software Challenges for Exascale 8759 (2015) pp. 3-27
-------- -------- --- Thank You --- -------- --------


++++ PLEASE READ AND CITE THE FOLLOWING REFERENCE ++++
S. Pronk, S. Páll, R. Schulz, P. Larsson, P. Bjelkmar, R. Apostolov, M. R.
Shirts, J. C. Smith, P. M. Kasson, D. van der Spoel, B. Hess, and E. Lindahl
GROMACS 4.5: a high-throughput and highly parallel open source molecular
simulation toolkit
Bioinformatics 29 (2013) pp. 845-54
-------- -------- --- Thank You --- -------- --------


++++ PLEASE READ AND CITE THE FOLLOWING REFERENCE ++++
B. Hess and C. Kutzner and D. van der Spoel and E. Lindahl
GROMACS 4: Algorithms for highly efficient, load-balanced, and scalable
molecular simulation
J. Chem. Theory Comput. 4 (2008) pp. 435-447
-------- -------- --- Thank You --- -------- --------


++++ PLEASE READ AND CITE THE FOLLOWING REFERENCE ++++
D. van der Spoel, E. Lindahl, B. Hess, G. Groenhof, A. E. Mark and H. J. C.
Berendsen
GROMACS: Fast, Flexible and Free
J. Comp. Chem. 26 (2005) pp. 1701-1719
-------- -------- --- Thank You --- -------- --------


++++ PLEASE READ AND CITE THE FOLLOWING REFERENCE ++++
E. Lindahl and B. Hess and D. van der Spoel
GROMACS 3.0: A package for molecular simulation and trajectory analysis
J. Mol. Mod. 7 (2001) pp. 306-317
-------- -------- --- Thank You --- -------- --------


++++ PLEASE READ AND CITE THE FOLLOWING REFERENCE ++++
H. J. C. Berendsen, D. van der Spoel and R. van Drunen
GROMACS: A message-passing parallel molecular dynamics implementation
Comp. Phys. Comm. 91 (1995) pp. 43-56
-------- -------- --- Thank You --- -------- --------

Input Parameters:
   integrator                     = md
   tinit                          = 0
   dt                             = 0.002
   nsteps                         = 20000
   init-step                      = 0
   simulation-part                = 1
   mts                            = false
   comm-mode                      = Linear
   nstcomm                        = 100
   bd-fric                        = 0
   ld-seed                        = 1039892350
   emtol                          = 10
   emstep                         = 0.01
   niter                          = 20
   fcstep                         = 0
   nstcgsteep                     = 1000
   nbfgscorr                      = 10
   rtpi                           = 0.05
   nstxout                        = 0
   nstvout                        = 0
   nstfout                        = 0
   nstlog                         = 1000
   nstcalcenergy                  = 100
   nstenergy                      = 1000
   nstxout-compressed             = 1000
   compressed-x-precision         = 1000
   cutoff-scheme                  = Verlet
   nstlist                        = 10
   pbc                            = xyz
   periodic-molecules             = false
   verlet-buffer-tolerance        = 0.005
   rlist                          = 1
   coulombtype                    = PME
   coulomb-modifier               = Potential-shift
   rcoulomb-switch                = 0
   rcoulomb                       = 1
   epsilon-r                      = 1
   epsilon-rf                     = inf
   vdw-type                       = Cut-off
   vdw-modifier                   = Potential-shift
   rvdw-switch                    = 0
   rvdw                           = 1
   DispCorr                       = No
   table-extension                = 1
   fourierspacing                 = 0.1
   fourier-nx                     = 36
   fourier-ny                     = 36
   fourier-nz                     = 36
   pme-order                      = 4
   ewald-rtol                     = 1e-05
   ewald-rtol-lj                  = 0.001
   lj-pme-comb-rule               = Geometric
   ewald-geometry                 = 0
   epsilon-surface                = 0
   tcoupl                         = V-rescale
   nsttcouple                     = 10
   nh-chain-length                = 0
   print-nose-hoover-chain-variables = false
   pcoupl                         = No
   pcoupltype                     = Isotropic
   nstpcouple                     = -1
   tau-p                          = 1
   compressibility (3x3):
      compressibility[    0]={ 0.00000e+00,  0.00000e+00,  0.00000e+00}
      compressibility[    1]={ 0.00000e+00,  0.00000e+00,  0.00000e+00}
      compressibility[    2]={ 0.00000e+00,  0.00000e+00,  0.00000e+00}
   ref-p (3x3):
      ref-p[    0]={ 0.00000e+00,  0.00000e+00,  0.00000e+00}
      ref-p[    1]={ 0.00000e+00,  0.00000e+00,  0.00000e+00}
      ref-p[    2]={ 0.00000e+00,  0.00000e+00,  0.00000e+00}
   refcoord-scaling               = No
   posres-com (3):
      posres-com[0]= 0.00000e+00
      posres-com[1]= 0.00000e+00
      posres-com[2]= 0.00000e+00
   posres-comB (3):
      posres-comB[0]= 0.00000e+00
      posres-comB[1]= 0.00000e+00
      posres-comB[2]= 0.00000e+00
   QMMM                           = false
qm-opts:
   ngQM                           = 0
   constraint-algorithm           = Lincs
   continuation                   = false
   Shake-SOR                      = false
   shake-tol                      = 0.0001
   lincs-order                    = 4
   lincs-iter                     = 1
   lincs-warnangle                = 30
   nwall                          = 0
   wall-type                      = 9-3
   wall-r-linpot                  = -1
   wall-atomtype[0]               = -1
   wall-atomtype[1]               = -1
   wall-density[0]                = 0
   wall-density[1]                = 0
   wall-ewald-zfac                = 3
   pull                           = false
   awh                            = false
   rotation                       = false
   interactiveMD                  = false
   disre                          = No
   disre-weighting                = Conservative
   disre-mixed                    = false
   dr-fc                          = 1000
   dr-tau                         = 0
   nstdisreout                    = 100
   orire-fc                       = 0
   orire-tau                      = 0
   nstorireout                    = 100
   free-energy                    = no
   cos-acceleration               = 0
   deform (3x3):
      deform[    0]={ 0.00000e+00,  0.00000e+00,  0.00000e+00}
      deform[    1]={ 0.00000e+00,  0.00000e+00,  0.00000e+00}
      deform[    2]={ 0.00000e+00,  0.00000e+00,  0.00000e+00}
   simulated-tempering            = false
   swapcoords                     = no
   userint1                       = 0
   userint2                       = 0
   userint3                       = 0
   userint4                       = 0
   userreal1                      = 0
   userreal2                      = 0
   userreal3                      = 0
   userreal4                      = 0
   applied-forces:
     electric-field:
       x:
         E0                       = 0
         omega                    = 0
         t0                       = 0
         sigma                    = 0
       y:
         E0                       = 0
         omega                    = 0
         t0                       = 0
         sigma                    = 0
       z:
         E0                       = 0
         omega                    = 0
         t0                       = 0
         sigma                    = 0
     density-guided-simulation:
       active                     = false
       group                      = protein
       similarity-measure         = inner-product
       atom-spreading-weight      = unity
       force-constant             = 1e+09
       gaussian-transform-spreading-width = 0.2
       gaussian-transform-spreading-range-in-multiples-of-width = 4
       reference-density-filename = reference.mrc
       nst                        = 1
       normalize-densities        = true
       adaptive-force-scaling     = false
       adaptive-force-scaling-time-constant = 4
       shift-vector               = 
       transformation-matrix      = 
grpopts:
   nrdf:        4329
   ref-t:         360
   tau-t:         0.5
annealing:          No
annealing-npoints:           0
   acc:	           0           0           0
   nfreeze:           N           N           N
   energygrp-flags[  0]: 0


Changing rlist from 1 to 1.007 for non-bonded 4x2 atom kernels

Changing nstlist from 10 to 40, rlist from 1.007 to 1.118


Initializing Domain Decomposition on 4 ranks
Dynamic load balancing: auto
Using update groups, nr 743, average size 3.8 atoms, max. radius 0.078 nm
Minimum cell size due to atom displacement: 0.264 nm
Initial maximum distances in bonded interactions:
    two-body bonded interactions: 0.257 nm, Exclusion, atoms 12 13
  multi-body bonded interactions: 0.257 nm, Angle, atoms 12 13
Minimum cell size due to bonded interactions: 0.283 nm
Scaling the initial minimum size with 1/0.8 (option -dds) = 1.25
Using 0 separate PME ranks, as there are too few total
 ranks for efficient splitting
Optimizing the DD grid for 4 cells with a minimum initial size of 0.354 nm
The maximum allowed number of cells is: X 9 Y 9 Z 9
Domain decomposition grid 4 x 1 x 1, separate PME ranks 0
PME domain decomposition: 4 x 1 x 1
Domain decomposition rank 0, coordinates 0 0 0

The initial number of communication pulses is: X 2
The initial domain decomposition cell size is: X 0.84 nm

The maximum allowed distance for atom groups involved in interactions is:
                 non-bonded interactions           1.274 nm
            two-body bonded interactions  (-rdd)   1.274 nm
          multi-body bonded interactions  (-rdd)   0.840 nm

When dynamic load balancing gets turned on, these settings will change to:
The maximum number of communication pulses is: X 2
The minimum size for domain decomposition cells is 0.637 nm
The requested allowed shrink of DD cells (option -dds) is: 0.80
The allowed shrink of domain decomposition cells is: X 0.76
The maximum allowed distance for atom groups involved in interactions is:
                 non-bonded interactions           1.274 nm
            two-body bonded interactions  (-rdd)   1.274 nm
          multi-body bonded interactions  (-rdd)   0.637 nm

Using 4 MPI threads
Using 8 OpenMP threads per tMPI thread

Pinning threads with an auto-selected logical core stride of 1
System total charge: 0.000
Will do PME sum in reciprocal space for electrostatic interactions.

++++ PLEASE READ AND CITE THE FOLLOWING REFERENCE ++++
U. Essmann, L. Perera, M. L. Berkowitz, T. Darden, H. Lee and L. G. Pedersen 
A smooth particle mesh Ewald method
J. Chem. Phys. 103 (1995) pp. 8577-8592
-------- -------- --- Thank You --- -------- --------

Using a Gaussian width (1/beta) of 0.320163 nm for Ewald
Potential shift: LJ r^-12: -1.000e+00 r^-6: -1.000e+00, Ewald -1.000e-05
Initialized non-bonded Ewald tables, spacing: 9.33e-04 size: 1073



Using SIMD 4x2 nonbonded short-range kernels

Using a dual 4x2 pair-list setup updated with dynamic pruning:
  outer list: updated every 40 steps, buffer 0.118 nm, rlist 1.118 nm
  inner list: updated every  8 steps, buffer 0.001 nm, rlist 1.001 nm
At tolerance 0.005 kJ/mol/ps per atom, equivalent classical 1x1 list would be:
  outer list: updated every 40 steps, buffer 0.205 nm, rlist 1.205 nm
  inner list: updated every  8 steps, buffer 0.024 nm, rlist 1.024 nm

Using Lorentz-Berthelot Lennard-Jones combination rule
Removing pbc first time

++++ PLEASE READ AND CITE THE FOLLOWING REFERENCE ++++
S. Miyamoto and P. A. Kollman
SETTLE: An Analytical Version of the SHAKE and RATTLE Algorithms for Rigid
Water Models
J. Comp. Chem. 13 (1992) pp. 952-962
-------- -------- --- Thank You --- -------- --------


Linking all bonded interactions to atoms


Intra-simulation communication will occur every 10 steps.

++++ PLEASE READ AND CITE THE FOLLOWING REFERENCE ++++
G. Bussi, D. Donadio and M. Parrinello
Canonical sampling through velocity rescaling
J. Chem. Phys. 126 (2007) pp. 014101
-------- -------- --- Thank You --- -------- --------

There are: 2145 Atoms
There are: 701 VSites
Atom distribution over 4 domains: av 711 stddev 71 min 612 max 797

Constraining the starting coordinates (step 0)

Constraining the coordinates at t0-dt (step 0)
Center of mass motion removal mode is Linear
We have the following groups for center of mass motion removal:
  0:  System
RMS relative constraint deviation after constraining: 0.00e+00
Initial temperature: 359.71 K

Started mdrun on rank 0 Wed Apr  9 14:45:07 2025

           Step           Time
              0        0.00000

   Energies (kJ/mol)
           Bond          Angle        LJ (SR)   Coulomb (SR)   Coul. recip.
    3.73532e+01    6.81512e+01   -2.00286e+02   -3.16503e+04    8.94881e+02
      Potential    Kinetic En.   Total Energy  Conserved En.    Temperature
   -3.08502e+04    6.48010e+03   -2.43701e+04   -2.43701e+04    3.60073e+02
 Pressure (bar)
   -7.11401e+03


DD  step 39 load imb.: force 18.6%

step 80 Turning on dynamic load balancing, because the performance loss due to load imbalance is 8.4 %.

DD  step 999  vol min/aver 0.830  load imb.: force  2.7%
           Step           Time
           1000        2.00000

   Energies (kJ/mol)
           Bond          Angle        LJ (SR)   Coulomb (SR)   Coul. recip.
    1.65394e+02    5.78978e+01    4.76472e+03   -4.40484e+04    5.75445e+02
      Potential    Kinetic En.   Total Energy  Conserved En.    Temperature
   -3.84849e+04    7.29379e+03   -3.11912e+04   -2.43199e+04    4.05286e+02
 Pressure (bar)
   -8.42919e+02


DD  step 1999  vol min/aver 0.796  load imb.: force  3.3%
           Step           Time
           2000        4.00000

   Energies (kJ/mol)
           Bond          Angle        LJ (SR)   Coulomb (SR)   Coul. recip.
    2.18931e+02    5.25349e+01    5.08066e+03   -4.57662e+04    4.90565e+02
      Potential    Kinetic En.   Total Energy  Conserved En.    Temperature
   -3.99235e+04    7.09290e+03   -3.28306e+04   -2.43121e+04    3.94123e+02
 Pressure (bar)
   -6.52047e+02


DD  step 2999  vol min/aver 0.782  load imb.: force  1.0%
           Step           Time
           3000        6.00000

   Energies (kJ/mol)
           Bond          Angle        LJ (SR)   Coulomb (SR)   Coul. recip.
    2.11103e+02    7.08268e+01    5.62676e+03   -4.78922e+04    4.06254e+02
      Potential    Kinetic En.   Total Energy  Conserved En.    Temperature
   -4.15773e+04    6.86070e+03   -3.47166e+04   -2.43046e+04    3.81221e+02
 Pressure (bar)
   -2.48579e+02


DD  step 3999  vol min/aver 0.805  load imb.: force  1.1%
           Step           Time
           4000        8.00000

   Energies (kJ/mol)
           Bond          Angle        LJ (SR)   Coulomb (SR)   Coul. recip.
    2.13519e+02    7.24105e+01    5.25420e+03   -4.81376e+04    3.98330e+02
      Potential    Kinetic En.   Total Energy  Conserved En.    Temperature
   -4.21991e+04    6.60165e+03   -3.55975e+04   -2.43003e+04    3.66827e+02
 Pressure (bar)
   -8.36126e+02


DD  step 4999  vol min/aver 0.800  load imb.: force  2.7%
           Step           Time
           5000       10.00000

   Energies (kJ/mol)
           Bond          Angle        LJ (SR)   Coulomb (SR)   Coul. recip.
    1.70426e+02    3.38918e+01    5.78486e+03   -4.84352e+04    3.92453e+02
      Potential    Kinetic En.   Total Energy  Conserved En.    Temperature
   -4.20536e+04    6.43710e+03   -3.56165e+04   -2.42945e+04    3.57683e+02
 Pressure (bar)
   -2.41912e+02


DD  step 5999  vol min/aver 0.846  load imb.: force  2.9%
           Step           Time
           6000       12.00000

   Energies (kJ/mol)
           Bond          Angle        LJ (SR)   Coulomb (SR)   Coul. recip.
    2.23054e+02    4.58276e+01    5.35842e+03   -4.84001e+04    4.11853e+02
      Potential    Kinetic En.   Total Energy  Conserved En.    Temperature
   -4.23609e+04    6.63687e+03   -3.57241e+04   -2.42966e+04    3.68784e+02
 Pressure (bar)
   -9.51983e+02


DD  step 6999  vol min/aver 0.777  load imb.: force  2.6%
           Step           Time
           7000       14.00000

   Energies (kJ/mol)
           Bond          Angle        LJ (SR)   Coulomb (SR)   Coul. recip.
    1.79807e+02    5.66899e+01    5.49639e+03   -4.81416e+04    4.10639e+02
      Potential    Kinetic En.   Total Energy  Conserved En.    Temperature
   -4.19981e+04    6.42365e+03   -3.55744e+04   -2.42898e+04    3.56936e+02
 Pressure (bar)
   -5.21625e+02


step 7200 Turning off dynamic load balancing, because it is degrading performance.
Atom distribution over 4 domains: av 711 stddev 37 min 675 max 747

DD  step 7999 load imb.: force 12.9%
           Step           Time
           8000       16.00000

   Energies (kJ/mol)
           Bond          Angle        LJ (SR)   Coulomb (SR)   Coul. recip.
    1.98130e+02    8.05679e+01    5.63786e+03   -4.86790e+04    4.00800e+02
      Potential    Kinetic En.   Total Energy  Conserved En.    Temperature
   -4.23617e+04    6.27832e+03   -3.60834e+04   -2.42875e+04    3.48860e+02
 Pressure (bar)
   -6.09656e+02


DD  step 8999 load imb.: force 10.2%
           Step           Time
           9000       18.00000

   Energies (kJ/mol)
           Bond          Angle        LJ (SR)   Coulomb (SR)   Coul. recip.
    1.89847e+02    6.29417e+01    5.76919e+03   -4.86576e+04    4.04316e+02
      Potential    Kinetic En.   Total Energy  Conserved En.    Temperature
   -4.22313e+04    6.16851e+03   -3.60628e+04   -2.42848e+04    3.42759e+02
 Pressure (bar)
   -3.06600e+02


DD  step 9999 load imb.: force 11.1%
           Step           Time
          10000       20.00000

   Energies (kJ/mol)
           Bond          Angle        LJ (SR)   Coulomb (SR)   Coul. recip.
    2.14033e+02    5.92388e+01    5.73514e+03   -4.85874e+04    3.76496e+02
      Potential    Kinetic En.   Total Energy  Conserved En.    Temperature
   -4.22025e+04    6.42772e+03   -3.57748e+04   -2.42845e+04    3.57162e+02
 Pressure (bar)
   -2.37132e+02


DD  step 10999 load imb.: force 14.7%
           Step           Time
          11000       22.00000

   Energies (kJ/mol)
           Bond          Angle        LJ (SR)   Coulomb (SR)   Coul. recip.
    1.44933e+02    7.85066e+01    5.73133e+03   -4.87422e+04    3.76859e+02
      Potential    Kinetic En.   Total Energy  Conserved En.    Temperature
   -4.24106e+04    6.22631e+03   -3.61843e+04   -2.42809e+04    3.45970e+02
 Pressure (bar)
   -3.94935e+02


DD  step 11999 load imb.: force  9.9%
           Step           Time
          12000       24.00000

   Energies (kJ/mol)
           Bond          Angle        LJ (SR)   Coulomb (SR)   Coul. recip.
    1.94368e+02    7.31213e+01    5.30773e+03   -4.83779e+04    3.64761e+02
      Potential    Kinetic En.   Total Energy  Conserved En.    Temperature
   -4.24379e+04    6.62309e+03   -3.58148e+04   -2.42755e+04    3.68018e+02
 Pressure (bar)
   -9.75138e+02


DD  step 12999 load imb.: force  2.7%
           Step           Time
          13000       26.00000

   Energies (kJ/mol)
           Bond          Angle        LJ (SR)   Coulomb (SR)   Coul. recip.
    1.34728e+02    6.16081e+01    5.41002e+03   -4.80084e+04    4.40123e+02
      Potential    Kinetic En.   Total Energy  Conserved En.    Temperature
   -4.19619e+04    6.34655e+03   -3.56154e+04   -2.42716e+04    3.52652e+02
 Pressure (bar)
   -6.18102e+02


DD  step 13999 load imb.: force  7.5%
           Step           Time
          14000       28.00000

   Energies (kJ/mol)
           Bond          Angle        LJ (SR)   Coulomb (SR)   Coul. recip.
    2.02318e+02    4.93963e+01    5.10031e+03   -4.78234e+04    3.83467e+02
      Potential    Kinetic En.   Total Energy  Conserved En.    Temperature
   -4.20879e+04    6.40486e+03   -3.56831e+04   -2.42713e+04    3.55892e+02
 Pressure (bar)
   -1.17282e+03


DD  step 14999 load imb.: force 11.5%
           Step           Time
          15000       30.00000

   Energies (kJ/mol)
           Bond          Angle        LJ (SR)   Coulomb (SR)   Coul. recip.
    1.81192e+02    9.03272e+01    5.35069e+03   -4.83552e+04    4.00567e+02
      Potential    Kinetic En.   Total Energy  Conserved En.    Temperature
   -4.23325e+04    6.62556e+03   -3.57069e+04   -2.42655e+04    3.68155e+02
 Pressure (bar)
   -7.63112e+02


DD  step 15999 load imb.: force  9.2%

step 16000 Turning on dynamic load balancing, because the performance loss due to load imbalance is 2.1 %.
           Step           Time
          16000       32.00000

   Energies (kJ/mol)
           Bond          Angle        LJ (SR)   Coulomb (SR)   Coul. recip.
    1.96931e+02    1.09182e+02    5.32814e+03   -4.83398e+04    3.95856e+02
      Potential    Kinetic En.   Total Energy  Conserved En.    Temperature
   -4.23097e+04    6.56245e+03   -3.57472e+04   -2.42620e+04    3.64648e+02
 Pressure (bar)
   -7.94599e+02

step 16800 Turning off dynamic load balancing, because it is degrading performance.
Atom distribution over 4 domains: av 711 stddev 94 min 591 max 816

DD  step 16999 load imb.: force 12.7%
           Step           Time
          17000       34.00000

   Energies (kJ/mol)
           Bond          Angle        LJ (SR)   Coulomb (SR)   Coul. recip.
    2.50801e+02    5.60618e+01    5.85099e+03   -4.92722e+04    3.45705e+02
      Potential    Kinetic En.   Total Energy  Conserved En.    Temperature
   -4.27687e+04    6.50358e+03   -3.62651e+04   -2.42605e+04    3.61377e+02
 Pressure (bar)
   -2.38881e+00


DD  step 17999 load imb.: force  8.3%
           Step           Time
          18000       36.00000

   Energies (kJ/mol)
           Bond          Angle        LJ (SR)   Coulomb (SR)   Coul. recip.
    1.85170e+02    4.67041e+01    5.64153e+03   -4.87250e+04    3.45063e+02
      Potential    Kinetic En.   Total Energy  Conserved En.    Temperature
   -4.25065e+04    6.43288e+03   -3.60736e+04   -2.42555e+04    3.57449e+02
 Pressure (bar)
   -4.94270e+02


DD  step 18999 load imb.: force 12.1%
           Step           Time
          19000       38.00000

   Energies (kJ/mol)
           Bond          Angle        LJ (SR)   Coulomb (SR)   Coul. recip.
    1.18536e+02    7.11193e+01    5.46371e+03   -4.81192e+04    3.72439e+02
      Potential    Kinetic En.   Total Energy  Conserved En.    Temperature
   -4.20934e+04    6.31107e+03   -3.57823e+04   -2.42513e+04    3.50680e+02
 Pressure (bar)
   -5.32147e+02


DD  step 19999 load imb.: force 13.8%

step 20000 Will no longer try dynamic load balancing, as it degraded performance.
           Step           Time
          20000       40.00000

Writing checkpoint, step 20000 at Wed Apr  9 14:45:14 2025


   Energies (kJ/mol)
           Bond          Angle        LJ (SR)   Coulomb (SR)   Coul. recip.
    2.42844e+02    5.89423e+01    5.57106e+03   -4.87372e+04    3.85832e+02
      Potential    Kinetic En.   Total Energy  Conserved En.    Temperature
   -4.24785e+04    6.41440e+03   -3.60641e+04   -2.42456e+04    3.56422e+02
 Pressure (bar)
   -5.36444e+02


Energy conservation over simulation part #1 of length 40 ns, time 0 to 40 ns
  Conserved energy drift: 1.09e-03 kJ/mol/ps per atom


	<======  ###############  ==>
	<====  A V E R A G E S  ====>
	<==  ###############  ======>

	Statistics over 20001 steps using 201 frames

   Energies (kJ/mol)
           Bond          Angle        LJ (SR)   Coulomb (SR)   Coul. recip.
    1.84644e+02    6.82918e+01    5.44905e+03   -4.78354e+04    4.08179e+02
      Potential    Kinetic En.   Total Energy  Conserved En.    Temperature
   -4.17252e+04    6.64072e+03   -3.50845e+04   -2.42836e+04    3.68998e+02
 Pressure (bar)
   -5.53057e+02

   Total Virial (kJ/mol)
    2.94413e+03   -3.77214e+00   -1.61585e+01
   -3.77214e+00    2.85339e+03    4.13464e+01
   -1.61585e+01    4.13464e+01    2.73829e+03

   Pressure (bar)
   -6.58139e+02    9.42580e+00    1.18593e+01
    9.42580e+00   -5.56281e+02   -3.81941e+01
    1.18593e+01   -3.81941e+01   -4.44751e+02


	M E G A - F L O P S   A C C O U N T I N G

 NB=Group-cutoff nonbonded kernels    NxN=N-by-N cluster Verlet kernels
 RF=Reaction-Field  VdW=Van der Waals  QSTab=quadratic-spline table
 W3=SPC/TIP3p  W4=TIP4p (single or pairs)
 V&F=Potential and force  V=Potential only  F=Force only

 Computing:                               M-Number         M-Flops  % Flops
-----------------------------------------------------------------------------
 Pair Search distance check             302.628026        2723.652     0.2
 NxN QSTab Elec. + LJ [F]             11190.996172      458830.843    40.9
 NxN QSTab Elec. + LJ [V&F]             113.548128        6699.340     0.6
 NxN LJ [F]                              38.495976        1270.367     0.1
 NxN LJ [V&F]                             0.388464          16.704     0.0
 NxN QSTab Elec. [F]                  10963.602940      372762.500    33.2
 NxN QSTab Elec. [V&F]                  111.209104        4559.573     0.4
 Calc Weights                           170.768538        6147.667     0.5
 Spread Q Bspline                      3643.062144        7286.124     0.6
 Gather F Bspline                      3643.062144       21858.373     1.9
 3D-FFT                               28946.407248      231571.258    20.6
 Solve PME                               25.921296        1658.963     0.1
 Reset In Box                             1.420154           4.260     0.0
 CG-CoM                                   1.428692           4.286     0.0
 Bonds                                    0.480024          28.321     0.0
 Angles                                   0.720036         120.966     0.0
 Virial                                   0.608226          10.948     0.0
 Stop-CM                                  0.574892           5.749     0.0
 Calc-Ekin                               11.389692         307.522     0.0
 Constraint-V                            42.064206         378.578     0.0
 Constraint-Vir                           0.422703          10.145     0.0
 Settle                                  14.022103        5188.178     0.5
 Virtual Site 3                          14.161602         523.979     0.0
-----------------------------------------------------------------------------
 Total                                                 1121968.297   100.0
-----------------------------------------------------------------------------


    D O M A I N   D E C O M P O S I T I O N   S T A T I S T I C S

 av. #atoms communicated per step for force:  2 x 4057.3


Dynamic load balancing report:
 DLB got disabled because it was unsuitable to use.
 Average load imbalance: 4.2%.
 The balanceable part of the MD step is 53%, load imbalance is computed from this.
 Part of the total run time spent waiting due to load imbalance: 2.2%.


     R E A L   C Y C L E   A N D   T I M E   A C C O U N T I N G

On 4 MPI ranks, each using 8 OpenMP threads

 Computing:          Num   Num      Call    Wall time         Giga-Cycles
                     Ranks Threads  Count      (s)         total sum    %
-----------------------------------------------------------------------------
 Domain decomp.         4    8        501       0.055          3.530   0.8
 DD comm. load          4    8        260       0.000          0.024   0.0
 DD comm. bounds        4    8        198       0.001          0.060   0.0
 Vsite constr.          4    8      20001       0.028          1.806   0.4
 Neighbor search        4    8        501       0.097          6.193   1.4
 Comm. coord.           4    8      19500       0.158         10.100   2.3
 Force                  4    8      20001       3.114        198.959  45.2
 Wait + Comm. F         4    8      20001       0.092          5.885   1.3
 PME mesh               4    8      20001       2.737        174.902  39.8
 NB X/F buffer ops.     4    8      59001       0.186         11.856   2.7
 Vsite spread           4    8      20202       0.048          3.086   0.7
 Write traj.            4    8         21       0.053          3.370   0.8
 Update                 4    8      20001       0.055          3.543   0.8
 Constraints            4    8      20003       0.054          3.458   0.8
 Comm. energies         4    8       2001       0.166         10.614   2.4
 Rest                                           0.039          2.464   0.6
-----------------------------------------------------------------------------
 Total                                          6.883        439.849 100.0
-----------------------------------------------------------------------------
 Breakdown of PME mesh computation
-----------------------------------------------------------------------------
 PME redist. X/F        4    8      40002       0.594         37.974   8.6
 PME spread             4    8      20001       0.497         31.782   7.2
 PME gather             4    8      20001       0.431         27.511   6.3
 PME 3D-FFT             4    8      40002       0.552         35.294   8.0
 PME 3D-FFT Comm.       4    8      40002       0.526         33.591   7.6
 PME solve Elec         4    8      20001       0.119          7.587   1.7
-----------------------------------------------------------------------------

               Core t (s)   Wall t (s)        (%)
       Time:      220.269        6.883     3200.0
                 (ns/day)    (hour/ns)
Performance:      502.097        0.048
Finished mdrun on rank 0 Wed Apr  9 14:45:14 2025

